#
# A fatal error has been detected by the Java Runtime Environment:
#
#  SIGSEGV (0xb) at pc=0x00007ffa2bd3b9ca, pid=23725, tid=77191
#
# JRE version: Java(TM) SE Runtime Environment (16.0.2+7) (build 16.0.2+7-67)
# Java VM: Java HotSpot(TM) 64-Bit Server VM (16.0.2+7-67, mixed mode, sharing, tiered, compressed oops, compressed class ptrs, g1 gc, bsd-amd64)
# Problematic frame:
# C  [libGL.dylib+0x19ca]  glGetError+0xd
#
# No core dump will be written. Core dumps have been disabled. To enable core dumping, try "ulimit -c unlimited" before starting Java again
#
# If you would like to submit a bug report, please visit:
#   https://bugreport.java.com/bugreport/crash.jsp
# The crash happened outside the Java Virtual Machine in native code.
# See problematic frame for where to report the bug.
#

---------------  S U M M A R Y ------------

Command Line: -javaagent:/Applications/IntelliJ IDEA.app/Contents/lib/idea_rt.jar=60517:/Applications/IntelliJ IDEA.app/Contents/bin -Dfile.encoding=UTF-8 com.jimphieffer.Game.Game

Host: MacBookPro17,1 x86_64 2400 MHz, 8 cores, 8G, Darwin 21.2.0, macOS 10.16 (21C52)
Time: Sat Mar  5 13:23:57 2022 EST elapsed time: 1.078686 seconds (0d 0h 0m 1s)

---------------  T H R E A D  ---------------

Current thread (0x00007fcd98528400):  JavaThread "Thread-0" [_thread_in_native, id=77191, stack(0x00000003064de000,0x00000003065de000)]

Stack: [0x00000003064de000,0x00000003065de000],  sp=0x00000003065dd8a0,  free space=1022k
Native frames: (J=compiled Java code, A=aot compiled Java code, j=interpreted, Vv=VM code, C=native code)
C  [libGL.dylib+0x19ca]  glGetError+0xd
j  org.lwjgl.system.JNI.callI(J)I+0
j  org.lwjgl.opengl.GL.createCapabilities(ZLjava/util/function/IntFunction;)Lorg/lwjgl/opengl/GLCapabilities;+78
j  org.lwjgl.opengl.GL.createCapabilities(Ljava/util/function/IntFunction;)Lorg/lwjgl/opengl/GLCapabilities;+2
j  org.lwjgl.opengl.GL.createCapabilities()Lorg/lwjgl/opengl/GLCapabilities;+1
j  com.jimphieffer.Game.Game.run()V+0
v  ~StubRoutines::call_stub
V  [libjvm.dylib+0x508272]  _ZN9JavaCalls11call_helperEP9JavaValueRK12methodHandleP17JavaCallArgumentsP6Thread+0x2d2
V  [libjvm.dylib+0x5072b7]  _ZN9JavaCalls12call_virtualEP9JavaValueP5KlassP6SymbolS5_P17JavaCallArgumentsP6Thread+0x147
V  [libjvm.dylib+0x507383]  _ZN9JavaCalls12call_virtualEP9JavaValue6HandleP5KlassP6SymbolS6_P6Thread+0x63
V  [libjvm.dylib+0x5b5534]  _ZL12thread_entryP10JavaThreadP6Thread+0xb4
V  [libjvm.dylib+0xa043cd]  _ZN10JavaThread17thread_main_innerEv+0xcd
V  [libjvm.dylib+0xa01d11]  _ZN6Thread8call_runEv+0x71
V  [libjvm.dylib+0x890937]  _ZL19thread_native_entryP6Thread+0x157
C  [libsystem_pthread.dylib+0x64f4]  _pthread_start+0x7d
C  [libsystem_pthread.dylib+0x200f]  thread_start+0xf

Java frames: (J=compiled Java code, j=interpreted, Vv=VM code)
j  org.lwjgl.system.JNI.callI(J)I+0
j  org.lwjgl.opengl.GL.createCapabilities(ZLjava/util/function/IntFunction;)Lorg/lwjgl/opengl/GLCapabilities;+78
j  org.lwjgl.opengl.GL.createCapabilities(Ljava/util/function/IntFunction;)Lorg/lwjgl/opengl/GLCapabilities;+2
j  org.lwjgl.opengl.GL.createCapabilities()Lorg/lwjgl/opengl/GLCapabilities;+1
j  com.jimphieffer.Game.Game.run()V+0
v  ~StubRoutines::call_stub

siginfo: si_signo: 11 (SIGSEGV), si_code: 1 (SEGV_MAPERR), si_addr: 0x0000000000000000

Register to memory mapping:

RAX=0x0 is NULL
RBX={method} {0x00000001294b8fa8} 'callI' '(J)I' in 'org/lwjgl/system/JNI'
RCX=0x00006000022f1df8 points into unknown readable memory: 0x0000000000000002 | 02 00 00 00 00 00 00 00
RDX=0x00007ffa2bd3b9bd: glGetError+0 in /System/Library/Frameworks/OpenGL.framework/Versions/A/Libraries/libGL.dylib at 0x00007ffa2bd3a000
RSP=0x00000003065dd8a0 is pointing into the stack for thread: 0x00007fcd98528400
RBP=0x00000003065dd8a0 is pointing into the stack for thread: 0x00007fcd98528400
RSI=0x00000003065dd920 is pointing into the stack for thread: 0x00007fcd98528400
RDI=0x00007fcd98528710 points into unknown readable memory: 0x000000010a9fbe58 | 58 be 9f 0a 01 00 00 00
R8 =0x0000000000003510 is an unknown value
R9 =0x0000000000000030 is an unknown value
R10=0x0000000113c4bada is at code_begin+858 in an Interpreter codelet
method entry point (kind = native)  [0x0000000113c4b780, 0x0000000113c4c000]  2176 bytes
R11=0x0000000786859570 is an oop: java.lang.Class 
{0x0000000786859570} - klass: 'java/lang/Class'
R12=0x0 is NULL
R13={method} {0x00000001294b8fa8} 'callI' '(J)I' in 'org/lwjgl/system/JNI'
R14=0x00000003065dd938 is pointing into the stack for thread: 0x00007fcd98528400
R15=0x00007fcd98528400 is a thread


Registers:
RAX=0x0000000000000000, RBX=0x00000001294b8fa8, RCX=0x00006000022f1df8, RDX=0x00007ffa2bd3b9bd
RSP=0x00000003065dd8a0, RBP=0x00000003065dd8a0, RSI=0x00000003065dd920, RDI=0x00007fcd98528710
R8 =0x0000000000003510, R9 =0x0000000000000030, R10=0x0000000113c4bada, R11=0x0000000786859570
R12=0x0000000000000000, R13=0x00000001294b8fa8, R14=0x00000003065dd938, R15=0x00007fcd98528400
RIP=0x00007ffa2bd3b9ca, EFLAGS=0x0000000000000246, ERR=0x0000000000000004
  TRAPNO=0x000000000000000e

Top of Stack: (sp=0x00000003065dd8a0)
0x00000003065dd8a0:   00000003065dd910 0000000113c4bb06
0x00000003065dd8b0:   00000003065dd910 0000000113c4b87b
0x00000003065dd8c0:   0000000113c4b836 00000003065dd8c8
0x00000003065dd8d0:   00000001294b8fa8 00000003065dd938
0x00000003065dd8e0:   00000001294e2b48 0000000000000000
0x00000003065dd8f0:   0000000786859570 00000001294b8fa8
0x00000003065dd900:   0000000000000000 00000003065dd930
0x00000003065dd910:   00000003065dd988 0000000113c47335
0x00000003065dd920:   0000000786859570 0000000113c49356
0x00000003065dd930:   00007ffa2bd3b9bd 0000000000000000
0x00000003065dd940:   00000003065dd940 000000012950f086
0x00000003065dd950:   00000003065dda50 0000000129510000
0x00000003065dd960:   0000000000000000 0000000786804388
0x00000003065dd970:   000000012950f600 00000003065dd930
0x00000003065dd980:   00000003065dda48 00000003065ddaa0
0x00000003065dd990:   0000000113c47252 0000000000000000
0x00000003065dd9a0:   0000000000000000 0000000000000000
0x00000003065dd9b0:   0000000000000000 0000000000000000
0x00000003065dd9c0:   0000000000000000 0000000000000000
0x00000003065dd9d0:   0000000000000000 0000000000000000
0x00000003065dd9e0:   0000000000000000 0000000000000000
0x00000003065dd9f0:   0000000000000000 0000000000000000
0x00000003065dda00:   0000000000000000 0000000000000000
0x00000003065dda10:   00007ffa2bd3b9f3 0000000000000000
0x00000003065dda20:   00007ffa2bd3bb99 0000000000000000
0x00000003065dda30:   00007ffa2bd3b9bd 0000000000000000
0x00000003065dda40:   0000000787f46a60 0000000000000000
0x00000003065dda50:   0000000000000000 00000003065dda58
0x00000003065dda60:   0000000129507932 00000003065ddab0
0x00000003065dda70:   0000000129510000 0000000000000000
0x00000003065dda80:   0000000786804388 0000000129507958
0x00000003065dda90:   00000003065dda48 00000003065ddab0 

Instructions: (pc=0x00007ffa2bd3b9ca)
0x00007ffa2bd3b8ca:   48 8b 38 5d ff e1 55 48 89 e5 48 89 f2 89 fe 65
0x00007ffa2bd3b8da:   48 8b 04 25 f0 00 00 00 48 8b 88 f8 02 00 00 48
0x00007ffa2bd3b8ea:   8b 38 5d ff e1 55 48 89 e5 89 fe 65 48 8b 04 25
0x00007ffa2bd3b8fa:   f0 00 00 00 48 8b 88 00 03 00 00 48 8b 38 5d ff
0x00007ffa2bd3b90a:   e1 55 48 89 e5 65 48 8b 04 25 f0 00 00 00 48 8b
0x00007ffa2bd3b91a:   88 08 03 00 00 48 8b 38 5d ff e1 55 48 89 e5 89
0x00007ffa2bd3b92a:   fe 65 48 8b 04 25 f0 00 00 00 48 8b 88 10 03 00
0x00007ffa2bd3b93a:   00 48 8b 38 5d ff e1 55 48 89 e5 48 89 f2 89 fe
0x00007ffa2bd3b94a:   65 48 8b 04 25 f0 00 00 00 48 8b 88 18 03 00 00
0x00007ffa2bd3b95a:   48 8b 38 5d ff e1 55 48 89 e5 48 89 f2 89 fe 65
0x00007ffa2bd3b96a:   48 8b 04 25 f0 00 00 00 48 8b 88 20 03 00 00 48
0x00007ffa2bd3b97a:   8b 38 5d ff e1 55 48 89 e5 48 89 f2 89 fe 65 48
0x00007ffa2bd3b98a:   8b 04 25 f0 00 00 00 48 8b 88 28 03 00 00 48 8b
0x00007ffa2bd3b99a:   38 5d ff e1 55 48 89 e5 48 89 f2 89 fe 65 48 8b
0x00007ffa2bd3b9aa:   04 25 f0 00 00 00 48 8b 88 30 03 00 00 48 8b 38
0x00007ffa2bd3b9ba:   5d ff e1 55 48 89 e5 65 48 8b 04 25 f0 00 00 00
0x00007ffa2bd3b9ca:   48 8b 38 5d ff a0 38 03 00 00 55 48 89 e5 48 89
0x00007ffa2bd3b9da:   f2 89 fe 65 48 8b 04 25 f0 00 00 00 48 8b 88 40
0x00007ffa2bd3b9ea:   03 00 00 48 8b 38 5d ff e1 55 48 89 e5 48 89 f2
0x00007ffa2bd3b9fa:   89 fe 65 48 8b 04 25 f0 00 00 00 48 8b 88 48 03
0x00007ffa2bd3ba0a:   00 00 48 8b 38 5d ff e1 55 48 89 e5 48 89 d1 89
0x00007ffa2bd3ba1a:   f2 89 fe 65 48 8b 04 25 f0 00 00 00 4c 8b 80 50
0x00007ffa2bd3ba2a:   03 00 00 48 8b 38 5d 41 ff e0 55 48 89 e5 48 89
0x00007ffa2bd3ba3a:   d1 89 f2 89 fe 65 48 8b 04 25 f0 00 00 00 4c 8b
0x00007ffa2bd3ba4a:   80 58 03 00 00 48 8b 38 5d 41 ff e0 55 48 89 e5
0x00007ffa2bd3ba5a:   48 89 d1 89 f2 89 fe 65 48 8b 04 25 f0 00 00 00
0x00007ffa2bd3ba6a:   4c 8b 80 60 03 00 00 48 8b 38 5d 41 ff e0 55 48
0x00007ffa2bd3ba7a:   89 e5 48 89 d1 89 f2 89 fe 65 48 8b 04 25 f0 00
0x00007ffa2bd3ba8a:   00 00 4c 8b 80 68 03 00 00 48 8b 38 5d 41 ff e0
0x00007ffa2bd3ba9a:   55 48 89 e5 48 89 d1 89 f2 89 fe 65 48 8b 04 25
0x00007ffa2bd3baaa:   f0 00 00 00 4c 8b 80 70 03 00 00 48 8b 38 5d 41
0x00007ffa2bd3baba:   ff e0 55 48 89 e5 48 89 d1 89 f2 89 fe 65 48 8b 


Stack slot to memory mapping:
stack at sp + 0 slots: 0x00000003065dd910 is pointing into the stack for thread: 0x00007fcd98528400
stack at sp + 1 slots: 0x0000000113c4bb06 is at code_begin+902 in an Interpreter codelet
method entry point (kind = native)  [0x0000000113c4b780, 0x0000000113c4c000]  2176 bytes
stack at sp + 2 slots: 0x00000003065dd910 is pointing into the stack for thread: 0x00007fcd98528400
stack at sp + 3 slots: 0x0000000113c4b87b is at code_begin+251 in an Interpreter codelet
method entry point (kind = native)  [0x0000000113c4b780, 0x0000000113c4c000]  2176 bytes
stack at sp + 4 slots: 0x0000000113c4b836 is at code_begin+182 in an Interpreter codelet
method entry point (kind = native)  [0x0000000113c4b780, 0x0000000113c4c000]  2176 bytes
stack at sp + 5 slots: 0x00000003065dd8c8 is pointing into the stack for thread: 0x00007fcd98528400
stack at sp + 6 slots: {method} {0x00000001294b8fa8} 'callI' '(J)I' in 'org/lwjgl/system/JNI'
stack at sp + 7 slots: 0x00000003065dd938 is pointing into the stack for thread: 0x00007fcd98528400


---------------  P R O C E S S  ---------------

Threads class SMR info:
_java_thread_list=0x0000600001dad7a0, length=14, elements={
0x00007fcd6f82be00, 0x00007fcd6f82e600, 0x00007fcd78010200, 0x00007fcd980a6200,
0x00007fcd6f82f600, 0x00007fcd980a6800, 0x00007fcd78010800, 0x00007fcd8f80e000,
0x00007fcd78011800, 0x00007fcd980d2000, 0x00007fcd984dac00, 0x00007fcd98528400,
0x00007fcd8f81c000, 0x00007fcd787d1c00
}

Java Threads: ( => current thread )
  0x00007fcd6f82be00 JavaThread "Reference Handler" daemon [_thread_blocked, id=15195, stack(0x000000030561b000,0x000000030571b000)]
  0x00007fcd6f82e600 JavaThread "Finalizer" daemon [_thread_blocked, id=21763, stack(0x000000030571e000,0x000000030581e000)]
  0x00007fcd78010200 JavaThread "Signal Dispatcher" daemon [_thread_blocked, id=22787, stack(0x000000030592f000,0x0000000305a2f000)]
  0x00007fcd980a6200 JavaThread "Service Thread" daemon [_thread_blocked, id=23043, stack(0x0000000305a32000,0x0000000305b32000)]
  0x00007fcd6f82f600 JavaThread "Monitor Deflation Thread" daemon [_thread_blocked, id=23555, stack(0x0000000305b35000,0x0000000305c35000)]
  0x00007fcd980a6800 JavaThread "C2 CompilerThread0" daemon [_thread_blocked, id=24067, stack(0x0000000305c38000,0x0000000305d38000)]
  0x00007fcd78010800 JavaThread "C1 CompilerThread0" daemon [_thread_blocked, id=39683, stack(0x0000000305d3b000,0x0000000305e3b000)]
  0x00007fcd8f80e000 JavaThread "Sweeper thread" daemon [_thread_blocked, id=24323, stack(0x0000000305e3e000,0x0000000305f3e000)]
  0x00007fcd78011800 JavaThread "Common-Cleaner" daemon [_thread_blocked, id=24835, stack(0x0000000305f41000,0x0000000306041000)]
  0x00007fcd980d2000 JavaThread "Monitor Ctrl-Break" daemon [_thread_in_native, id=25747, stack(0x0000000306044000,0x0000000306144000)]
  0x00007fcd984dac00 JavaThread "Notification Thread" daemon [_thread_blocked, id=25859, stack(0x0000000306147000,0x0000000306247000)]
=>0x00007fcd98528400 JavaThread "Thread-0" [_thread_in_native, id=77191, stack(0x00000003064de000,0x00000003065de000)]
  0x00007fcd8f81c000 JavaThread "DestroyJavaVM" [_thread_blocked, id=259, stack(0x0000000304785000,0x0000000304f85000)]
  0x00007fcd787d1c00 JavaThread "Attach Listener" daemon [_thread_blocked, id=57091, stack(0x00000003068ea000,0x00000003069ea000)]

Other Threads:
  0x00007fcd7f715580 VMThread "VM Thread" [stack: 0x0000000305518000,0x0000000305618000] [id=15875]
  0x00007fcd7f72f8e0 WatcherThread [stack: 0x000000030624a000,0x000000030634a000] [id=26131]
  0x00007fcd6f704510 GCTaskThread "GC Thread#0" [stack: 0x0000000305009000,0x0000000305109000] [id=13315]
  0x00007fcd7f76ede0 GCTaskThread "GC Thread#1" [stack: 0x00000003065e1000,0x00000003066e1000] [id=55047]
  0x00007fcd7f76f2b0 GCTaskThread "GC Thread#2" [stack: 0x00000003066e4000,0x00000003067e4000] [id=55299]
  0x00007fcd7f76f780 GCTaskThread "GC Thread#3" [stack: 0x00000003067e7000,0x00000003068e7000] [id=55811]
  0x00007fcd6f704a40 ConcurrentGCThread "G1 Main Marker" [stack: 0x000000030510c000,0x000000030520c000] [id=13827]
  0x00007fcd7f7056d0 ConcurrentGCThread "G1 Conc#0" [stack: 0x000000030520f000,0x000000030530f000] [id=18435]
  0x00007fcd7f710f90 ConcurrentGCThread "G1 Refine#0" [stack: 0x0000000305312000,0x0000000305412000] [id=17923]
  0x00007fcd7f711880 ConcurrentGCThread "G1 Service" [stack: 0x0000000305415000,0x0000000305515000] [id=17411]

Threads with active compile tasks:

VM state: not at safepoint (normal execution)

VM Mutex/Monitor currently owned by a thread: None

Heap address: 0x0000000780000000, size: 2048 MB, Compressed Oops mode: Zero based, Oop shift amount: 3

CDS archive(s) mapped at: [0x0000000800000000-0x0000000800bbb000-0x0000000800bbb000), size 12300288, SharedBaseAddress: 0x0000000800000000, ArchiveRelocationMode: 0.
Compressed class space mapped at: 0x0000000800c00000-0x0000000840c00000, reserved size: 1073741824
Narrow klass base: 0x0000000800000000, Narrow klass shift: 3, Narrow klass range: 0x100000000

GC Precious Log:
 CPUs: 8 total, 8 available
 Memory: 8192M
 Large Page Support: Disabled
 NUMA Support: Disabled
 Compressed Oops: Enabled (Zero based)
 Heap Region Size: 1M
 Heap Min Capacity: 8M
 Heap Initial Capacity: 128M
 Heap Max Capacity: 2G
 Pre-touch: Disabled
 Parallel Workers: 8
 Concurrent Workers: 2
 Concurrent Refinement Workers: 8
 Periodic GC: Disabled

Heap:
 garbage-first heap   total 133120K, used 5484K [0x0000000780000000, 0x0000000800000000)
  region size 1024K, 4 young (4096K), 3 survivors (3072K)
 Metaspace       used 3207K, committed 3392K, reserved 1056768K
  class space    used 221K, committed 320K, reserved 1048576K

Heap Regions: E=young(eden), S=young(survivor), O=old, HS=humongous(starts), HC=humongous(continues), CS=collection set, F=free, OA=open archive, CA=closed archive, TAMS=top-at-mark-start (previous, next)
|   0|0x0000000780000000, 0x0000000780100000, 0x0000000780100000|100%| O|  |TAMS 0x0000000780000000, 0x0000000780000000| Untracked 
|   1|0x0000000780100000, 0x0000000780169000, 0x0000000780200000| 41%| O|  |TAMS 0x0000000780100000, 0x0000000780100000| Untracked 
|   2|0x0000000780200000, 0x0000000780200000, 0x0000000780300000|  0%| F|  |TAMS 0x0000000780200000, 0x0000000780200000| Untracked 
|   3|0x0000000780300000, 0x0000000780300000, 0x0000000780400000|  0%| F|  |TAMS 0x0000000780300000, 0x0000000780300000| Untracked 
|   4|0x0000000780400000, 0x0000000780400000, 0x0000000780500000|  0%| F|  |TAMS 0x0000000780400000, 0x0000000780400000| Untracked 
|   5|0x0000000780500000, 0x0000000780500000, 0x0000000780600000|  0%| F|  |TAMS 0x0000000780500000, 0x0000000780500000| Untracked 
|   6|0x0000000780600000, 0x0000000780600000, 0x0000000780700000|  0%| F|  |TAMS 0x0000000780600000, 0x0000000780600000| Untracked 
|   7|0x0000000780700000, 0x0000000780700000, 0x0000000780800000|  0%| F|  |TAMS 0x0000000780700000, 0x0000000780700000| Untracked 
|   8|0x0000000780800000, 0x0000000780800000, 0x0000000780900000|  0%| F|  |TAMS 0x0000000780800000, 0x0000000780800000| Untracked 
|   9|0x0000000780900000, 0x0000000780900000, 0x0000000780a00000|  0%| F|  |TAMS 0x0000000780900000, 0x0000000780900000| Untracked 
|  10|0x0000000780a00000, 0x0000000780a00000, 0x0000000780b00000|  0%| F|  |TAMS 0x0000000780a00000, 0x0000000780a00000| Untracked 
|  11|0x0000000780b00000, 0x0000000780b00000, 0x0000000780c00000|  0%| F|  |TAMS 0x0000000780b00000, 0x0000000780b00000| Untracked 
|  12|0x0000000780c00000, 0x0000000780c00000, 0x0000000780d00000|  0%| F|  |TAMS 0x0000000780c00000, 0x0000000780c00000| Untracked 
|  13|0x0000000780d00000, 0x0000000780d00000, 0x0000000780e00000|  0%| F|  |TAMS 0x0000000780d00000, 0x0000000780d00000| Untracked 
|  14|0x0000000780e00000, 0x0000000780e00000, 0x0000000780f00000|  0%| F|  |TAMS 0x0000000780e00000, 0x0000000780e00000| Untracked 
|  15|0x0000000780f00000, 0x0000000780f00000, 0x0000000781000000|  0%| F|  |TAMS 0x0000000780f00000, 0x0000000780f00000| Untracked 
|  16|0x0000000781000000, 0x0000000781000000, 0x0000000781100000|  0%| F|  |TAMS 0x0000000781000000, 0x0000000781000000| Untracked 
|  17|0x0000000781100000, 0x0000000781100000, 0x0000000781200000|  0%| F|  |TAMS 0x0000000781100000, 0x0000000781100000| Untracked 
|  18|0x0000000781200000, 0x0000000781200000, 0x0000000781300000|  0%| F|  |TAMS 0x0000000781200000, 0x0000000781200000| Untracked 
|  19|0x0000000781300000, 0x0000000781300000, 0x0000000781400000|  0%| F|  |TAMS 0x0000000781300000, 0x0000000781300000| Untracked 
|  20|0x0000000781400000, 0x0000000781400000, 0x0000000781500000|  0%| F|  |TAMS 0x0000000781400000, 0x0000000781400000| Untracked 
|  21|0x0000000781500000, 0x0000000781500000, 0x0000000781600000|  0%| F|  |TAMS 0x0000000781500000, 0x0000000781500000| Untracked 
|  22|0x0000000781600000, 0x0000000781600000, 0x0000000781700000|  0%| F|  |TAMS 0x0000000781600000, 0x0000000781600000| Untracked 
|  23|0x0000000781700000, 0x0000000781700000, 0x0000000781800000|  0%| F|  |TAMS 0x0000000781700000, 0x0000000781700000| Untracked 
|  24|0x0000000781800000, 0x0000000781800000, 0x0000000781900000|  0%| F|  |TAMS 0x0000000781800000, 0x0000000781800000| Untracked 
|  25|0x0000000781900000, 0x0000000781900000, 0x0000000781a00000|  0%| F|  |TAMS 0x0000000781900000, 0x0000000781900000| Untracked 
|  26|0x0000000781a00000, 0x0000000781a00000, 0x0000000781b00000|  0%| F|  |TAMS 0x0000000781a00000, 0x0000000781a00000| Untracked 
|  27|0x0000000781b00000, 0x0000000781b00000, 0x0000000781c00000|  0%| F|  |TAMS 0x0000000781b00000, 0x0000000781b00000| Untracked 
|  28|0x0000000781c00000, 0x0000000781c00000, 0x0000000781d00000|  0%| F|  |TAMS 0x0000000781c00000, 0x0000000781c00000| Untracked 
|  29|0x0000000781d00000, 0x0000000781d00000, 0x0000000781e00000|  0%| F|  |TAMS 0x0000000781d00000, 0x0000000781d00000| Untracked 
|  30|0x0000000781e00000, 0x0000000781e00000, 0x0000000781f00000|  0%| F|  |TAMS 0x0000000781e00000, 0x0000000781e00000| Untracked 
|  31|0x0000000781f00000, 0x0000000781f00000, 0x0000000782000000|  0%| F|  |TAMS 0x0000000781f00000, 0x0000000781f00000| Untracked 
|  32|0x0000000782000000, 0x0000000782000000, 0x0000000782100000|  0%| F|  |TAMS 0x0000000782000000, 0x0000000782000000| Untracked 
|  33|0x0000000782100000, 0x0000000782100000, 0x0000000782200000|  0%| F|  |TAMS 0x0000000782100000, 0x0000000782100000| Untracked 
|  34|0x0000000782200000, 0x0000000782200000, 0x0000000782300000|  0%| F|  |TAMS 0x0000000782200000, 0x0000000782200000| Untracked 
|  35|0x0000000782300000, 0x0000000782300000, 0x0000000782400000|  0%| F|  |TAMS 0x0000000782300000, 0x0000000782300000| Untracked 
|  36|0x0000000782400000, 0x0000000782400000, 0x0000000782500000|  0%| F|  |TAMS 0x0000000782400000, 0x0000000782400000| Untracked 
|  37|0x0000000782500000, 0x0000000782500000, 0x0000000782600000|  0%| F|  |TAMS 0x0000000782500000, 0x0000000782500000| Untracked 
|  38|0x0000000782600000, 0x0000000782600000, 0x0000000782700000|  0%| F|  |TAMS 0x0000000782600000, 0x0000000782600000| Untracked 
|  39|0x0000000782700000, 0x0000000782700000, 0x0000000782800000|  0%| F|  |TAMS 0x0000000782700000, 0x0000000782700000| Untracked 
|  40|0x0000000782800000, 0x0000000782800000, 0x0000000782900000|  0%| F|  |TAMS 0x0000000782800000, 0x0000000782800000| Untracked 
|  41|0x0000000782900000, 0x0000000782900000, 0x0000000782a00000|  0%| F|  |TAMS 0x0000000782900000, 0x0000000782900000| Untracked 
|  42|0x0000000782a00000, 0x0000000782a00000, 0x0000000782b00000|  0%| F|  |TAMS 0x0000000782a00000, 0x0000000782a00000| Untracked 
|  43|0x0000000782b00000, 0x0000000782b00000, 0x0000000782c00000|  0%| F|  |TAMS 0x0000000782b00000, 0x0000000782b00000| Untracked 
|  44|0x0000000782c00000, 0x0000000782c00000, 0x0000000782d00000|  0%| F|  |TAMS 0x0000000782c00000, 0x0000000782c00000| Untracked 
|  45|0x0000000782d00000, 0x0000000782d00000, 0x0000000782e00000|  0%| F|  |TAMS 0x0000000782d00000, 0x0000000782d00000| Untracked 
|  46|0x0000000782e00000, 0x0000000782e00000, 0x0000000782f00000|  0%| F|  |TAMS 0x0000000782e00000, 0x0000000782e00000| Untracked 
|  47|0x0000000782f00000, 0x0000000782f00000, 0x0000000783000000|  0%| F|  |TAMS 0x0000000782f00000, 0x0000000782f00000| Untracked 
|  48|0x0000000783000000, 0x0000000783000000, 0x0000000783100000|  0%| F|  |TAMS 0x0000000783000000, 0x0000000783000000| Untracked 
|  49|0x0000000783100000, 0x0000000783100000, 0x0000000783200000|  0%| F|  |TAMS 0x0000000783100000, 0x0000000783100000| Untracked 
|  50|0x0000000783200000, 0x0000000783200000, 0x0000000783300000|  0%| F|  |TAMS 0x0000000783200000, 0x0000000783200000| Untracked 
|  51|0x0000000783300000, 0x0000000783300000, 0x0000000783400000|  0%| F|  |TAMS 0x0000000783300000, 0x0000000783300000| Untracked 
|  52|0x0000000783400000, 0x0000000783400000, 0x0000000783500000|  0%| F|  |TAMS 0x0000000783400000, 0x0000000783400000| Untracked 
|  53|0x0000000783500000, 0x0000000783500000, 0x0000000783600000|  0%| F|  |TAMS 0x0000000783500000, 0x0000000783500000| Untracked 
|  54|0x0000000783600000, 0x0000000783600000, 0x0000000783700000|  0%| F|  |TAMS 0x0000000783600000, 0x0000000783600000| Untracked 
|  55|0x0000000783700000, 0x0000000783700000, 0x0000000783800000|  0%| F|  |TAMS 0x0000000783700000, 0x0000000783700000| Untracked 
|  56|0x0000000783800000, 0x0000000783800000, 0x0000000783900000|  0%| F|  |TAMS 0x0000000783800000, 0x0000000783800000| Untracked 
|  57|0x0000000783900000, 0x0000000783900000, 0x0000000783a00000|  0%| F|  |TAMS 0x0000000783900000, 0x0000000783900000| Untracked 
|  58|0x0000000783a00000, 0x0000000783a00000, 0x0000000783b00000|  0%| F|  |TAMS 0x0000000783a00000, 0x0000000783a00000| Untracked 
|  59|0x0000000783b00000, 0x0000000783b00000, 0x0000000783c00000|  0%| F|  |TAMS 0x0000000783b00000, 0x0000000783b00000| Untracked 
|  60|0x0000000783c00000, 0x0000000783c00000, 0x0000000783d00000|  0%| F|  |TAMS 0x0000000783c00000, 0x0000000783c00000| Untracked 
|  61|0x0000000783d00000, 0x0000000783d00000, 0x0000000783e00000|  0%| F|  |TAMS 0x0000000783d00000, 0x0000000783d00000| Untracked 
|  62|0x0000000783e00000, 0x0000000783e00000, 0x0000000783f00000|  0%| F|  |TAMS 0x0000000783e00000, 0x0000000783e00000| Untracked 
|  63|0x0000000783f00000, 0x0000000783f00000, 0x0000000784000000|  0%| F|  |TAMS 0x0000000783f00000, 0x0000000783f00000| Untracked 
|  64|0x0000000784000000, 0x0000000784000000, 0x0000000784100000|  0%| F|  |TAMS 0x0000000784000000, 0x0000000784000000| Untracked 
|  65|0x0000000784100000, 0x0000000784100000, 0x0000000784200000|  0%| F|  |TAMS 0x0000000784100000, 0x0000000784100000| Untracked 
|  66|0x0000000784200000, 0x0000000784200000, 0x0000000784300000|  0%| F|  |TAMS 0x0000000784200000, 0x0000000784200000| Untracked 
|  67|0x0000000784300000, 0x0000000784300000, 0x0000000784400000|  0%| F|  |TAMS 0x0000000784300000, 0x0000000784300000| Untracked 
|  68|0x0000000784400000, 0x0000000784400000, 0x0000000784500000|  0%| F|  |TAMS 0x0000000784400000, 0x0000000784400000| Untracked 
|  69|0x0000000784500000, 0x0000000784500000, 0x0000000784600000|  0%| F|  |TAMS 0x0000000784500000, 0x0000000784500000| Untracked 
|  70|0x0000000784600000, 0x0000000784600000, 0x0000000784700000|  0%| F|  |TAMS 0x0000000784600000, 0x0000000784600000| Untracked 
|  71|0x0000000784700000, 0x0000000784700000, 0x0000000784800000|  0%| F|  |TAMS 0x0000000784700000, 0x0000000784700000| Untracked 
|  72|0x0000000784800000, 0x0000000784800000, 0x0000000784900000|  0%| F|  |TAMS 0x0000000784800000, 0x0000000784800000| Untracked 
|  73|0x0000000784900000, 0x0000000784900000, 0x0000000784a00000|  0%| F|  |TAMS 0x0000000784900000, 0x0000000784900000| Untracked 
|  74|0x0000000784a00000, 0x0000000784a00000, 0x0000000784b00000|  0%| F|  |TAMS 0x0000000784a00000, 0x0000000784a00000| Untracked 
|  75|0x0000000784b00000, 0x0000000784b00000, 0x0000000784c00000|  0%| F|  |TAMS 0x0000000784b00000, 0x0000000784b00000| Untracked 
|  76|0x0000000784c00000, 0x0000000784c00000, 0x0000000784d00000|  0%| F|  |TAMS 0x0000000784c00000, 0x0000000784c00000| Untracked 
|  77|0x0000000784d00000, 0x0000000784d00000, 0x0000000784e00000|  0%| F|  |TAMS 0x0000000784d00000, 0x0000000784d00000| Untracked 
|  78|0x0000000784e00000, 0x0000000784e00000, 0x0000000784f00000|  0%| F|  |TAMS 0x0000000784e00000, 0x0000000784e00000| Untracked 
|  79|0x0000000784f00000, 0x0000000784f00000, 0x0000000785000000|  0%| F|  |TAMS 0x0000000784f00000, 0x0000000784f00000| Untracked 
|  80|0x0000000785000000, 0x0000000785000000, 0x0000000785100000|  0%| F|  |TAMS 0x0000000785000000, 0x0000000785000000| Untracked 
|  81|0x0000000785100000, 0x0000000785100000, 0x0000000785200000|  0%| F|  |TAMS 0x0000000785100000, 0x0000000785100000| Untracked 
|  82|0x0000000785200000, 0x0000000785200000, 0x0000000785300000|  0%| F|  |TAMS 0x0000000785200000, 0x0000000785200000| Untracked 
|  83|0x0000000785300000, 0x0000000785300000, 0x0000000785400000|  0%| F|  |TAMS 0x0000000785300000, 0x0000000785300000| Untracked 
|  84|0x0000000785400000, 0x0000000785400000, 0x0000000785500000|  0%| F|  |TAMS 0x0000000785400000, 0x0000000785400000| Untracked 
|  85|0x0000000785500000, 0x0000000785500000, 0x0000000785600000|  0%| F|  |TAMS 0x0000000785500000, 0x0000000785500000| Untracked 
|  86|0x0000000785600000, 0x0000000785600000, 0x0000000785700000|  0%| F|  |TAMS 0x0000000785600000, 0x0000000785600000| Untracked 
|  87|0x0000000785700000, 0x0000000785700000, 0x0000000785800000|  0%| F|  |TAMS 0x0000000785700000, 0x0000000785700000| Untracked 
|  88|0x0000000785800000, 0x0000000785800000, 0x0000000785900000|  0%| F|  |TAMS 0x0000000785800000, 0x0000000785800000| Untracked 
|  89|0x0000000785900000, 0x0000000785900000, 0x0000000785a00000|  0%| F|  |TAMS 0x0000000785900000, 0x0000000785900000| Untracked 
|  90|0x0000000785a00000, 0x0000000785a00000, 0x0000000785b00000|  0%| F|  |TAMS 0x0000000785a00000, 0x0000000785a00000| Untracked 
|  91|0x0000000785b00000, 0x0000000785b00000, 0x0000000785c00000|  0%| F|  |TAMS 0x0000000785b00000, 0x0000000785b00000| Untracked 
|  92|0x0000000785c00000, 0x0000000785c00000, 0x0000000785d00000|  0%| F|  |TAMS 0x0000000785c00000, 0x0000000785c00000| Untracked 
|  93|0x0000000785d00000, 0x0000000785d00000, 0x0000000785e00000|  0%| F|  |TAMS 0x0000000785d00000, 0x0000000785d00000| Untracked 
|  94|0x0000000785e00000, 0x0000000785e00000, 0x0000000785f00000|  0%| F|  |TAMS 0x0000000785e00000, 0x0000000785e00000| Untracked 
|  95|0x0000000785f00000, 0x0000000785f00000, 0x0000000786000000|  0%| F|  |TAMS 0x0000000785f00000, 0x0000000785f00000| Untracked 
|  96|0x0000000786000000, 0x0000000786000000, 0x0000000786100000|  0%| F|  |TAMS 0x0000000786000000, 0x0000000786000000| Untracked 
|  97|0x0000000786100000, 0x0000000786100000, 0x0000000786200000|  0%| F|  |TAMS 0x0000000786100000, 0x0000000786100000| Untracked 
|  98|0x0000000786200000, 0x0000000786200000, 0x0000000786300000|  0%| F|  |TAMS 0x0000000786200000, 0x0000000786200000| Untracked 
|  99|0x0000000786300000, 0x0000000786300000, 0x0000000786400000|  0%| F|  |TAMS 0x0000000786300000, 0x0000000786300000| Untracked 
| 100|0x0000000786400000, 0x0000000786400000, 0x0000000786500000|  0%| F|  |TAMS 0x0000000786400000, 0x0000000786400000| Untracked 
| 101|0x0000000786500000, 0x0000000786500000, 0x0000000786600000|  0%| F|  |TAMS 0x0000000786500000, 0x0000000786500000| Untracked 
| 102|0x0000000786600000, 0x0000000786700000, 0x0000000786700000|100%| S|CS|TAMS 0x0000000786600000, 0x0000000786600000| Complete 
| 103|0x0000000786700000, 0x0000000786800000, 0x0000000786800000|100%| S|CS|TAMS 0x0000000786700000, 0x0000000786700000| Complete 
| 104|0x0000000786800000, 0x0000000786900000, 0x0000000786900000|100%| S|CS|TAMS 0x0000000786800000, 0x0000000786800000| Complete 
| 105|0x0000000786900000, 0x0000000786900000, 0x0000000786a00000|  0%| F|  |TAMS 0x0000000786900000, 0x0000000786900000| Untracked 
| 106|0x0000000786a00000, 0x0000000786a00000, 0x0000000786b00000|  0%| F|  |TAMS 0x0000000786a00000, 0x0000000786a00000| Untracked 
| 107|0x0000000786b00000, 0x0000000786b00000, 0x0000000786c00000|  0%| F|  |TAMS 0x0000000786b00000, 0x0000000786b00000| Untracked 
| 108|0x0000000786c00000, 0x0000000786c00000, 0x0000000786d00000|  0%| F|  |TAMS 0x0000000786c00000, 0x0000000786c00000| Untracked 
| 109|0x0000000786d00000, 0x0000000786d00000, 0x0000000786e00000|  0%| F|  |TAMS 0x0000000786d00000, 0x0000000786d00000| Untracked 
| 110|0x0000000786e00000, 0x0000000786e00000, 0x0000000786f00000|  0%| F|  |TAMS 0x0000000786e00000, 0x0000000786e00000| Untracked 
| 111|0x0000000786f00000, 0x0000000786f00000, 0x0000000787000000|  0%| F|  |TAMS 0x0000000786f00000, 0x0000000786f00000| Untracked 
| 112|0x0000000787000000, 0x0000000787000000, 0x0000000787100000|  0%| F|  |TAMS 0x0000000787000000, 0x0000000787000000| Untracked 
| 113|0x0000000787100000, 0x0000000787100000, 0x0000000787200000|  0%| F|  |TAMS 0x0000000787100000, 0x0000000787100000| Untracked 
| 114|0x0000000787200000, 0x0000000787200000, 0x0000000787300000|  0%| F|  |TAMS 0x0000000787200000, 0x0000000787200000| Untracked 
| 115|0x0000000787300000, 0x0000000787300000, 0x0000000787400000|  0%| F|  |TAMS 0x0000000787300000, 0x0000000787300000| Untracked 
| 116|0x0000000787400000, 0x0000000787400000, 0x0000000787500000|  0%| F|  |TAMS 0x0000000787400000, 0x0000000787400000| Untracked 
| 117|0x0000000787500000, 0x0000000787500000, 0x0000000787600000|  0%| F|  |TAMS 0x0000000787500000, 0x0000000787500000| Untracked 
| 118|0x0000000787600000, 0x0000000787600000, 0x0000000787700000|  0%| F|  |TAMS 0x0000000787600000, 0x0000000787600000| Untracked 
| 119|0x0000000787700000, 0x0000000787700000, 0x0000000787800000|  0%| F|  |TAMS 0x0000000787700000, 0x0000000787700000| Untracked 
| 120|0x0000000787800000, 0x0000000787800000, 0x0000000787900000|  0%| F|  |TAMS 0x0000000787800000, 0x0000000787800000| Untracked 
| 121|0x0000000787900000, 0x0000000787900000, 0x0000000787a00000|  0%| F|  |TAMS 0x0000000787900000, 0x0000000787900000| Untracked 
| 122|0x0000000787a00000, 0x0000000787a00000, 0x0000000787b00000|  0%| F|  |TAMS 0x0000000787a00000, 0x0000000787a00000| Untracked 
| 123|0x0000000787b00000, 0x0000000787b00000, 0x0000000787c00000|  0%| F|  |TAMS 0x0000000787b00000, 0x0000000787b00000| Untracked 
| 124|0x0000000787c00000, 0x0000000787c00000, 0x0000000787d00000|  0%| F|  |TAMS 0x0000000787c00000, 0x0000000787c00000| Untracked 
| 125|0x0000000787d00000, 0x0000000787d00000, 0x0000000787e00000|  0%| F|  |TAMS 0x0000000787d00000, 0x0000000787d00000| Untracked 
| 126|0x0000000787e00000, 0x0000000787e00000, 0x0000000787f00000|  0%| F|  |TAMS 0x0000000787e00000, 0x0000000787e00000| Untracked 
| 127|0x0000000787f00000, 0x0000000787f4fdd0, 0x0000000788000000| 31%| E|  |TAMS 0x0000000787f00000, 0x0000000787f00000| Complete 
|1022|0x00000007bfe00000, 0x00000007bfe75000, 0x00000007bff00000| 45%|OA|  |TAMS 0x00000007bfe00000, 0x00000007bfe00000| Untracked 
|1023|0x00000007bff00000, 0x00000007bff7d000, 0x00000007c0000000| 48%|CA|  |TAMS 0x00000007bff00000, 0x00000007bff00000| Untracked 

Card table byte_map: [0x00000001094b4000,0x00000001098b4000] _byte_map_base: 0x00000001058b4000

Marking Bits (Prev, Next): (CMBitMap*) 0x00007fcd6f81b610, (CMBitMap*) 0x00007fcd6f81b650
 Prev Bits: [0x0000000122c3e000, 0x0000000124c3e000)
 Next Bits: [0x0000000124c3e000, 0x0000000126c3e000)

Polling page: 0x0000000108db4000

Metaspace:

Usage:
  Non-class:      2.92 MB used.
      Class:    221.80 KB used.
       Both:      3.13 MB used.

Virtual space:
  Non-class space:        8.00 MB reserved,       3.00 MB ( 38%) committed,  1 nodes.
      Class space:        1.00 GB reserved,     320.00 KB ( <1%) committed,  1 nodes.
              Both:        1.01 GB reserved,       3.31 MB ( <1%) committed. 

Chunk freelists:
   Non-Class:  2.89 MB
       Class:  3.64 MB
        Both:  6.53 MB

MaxMetaspaceSize: 17179869184.00 GB
CompressedClassSpaceSize: 1.00 GB
 - commit_granule_bytes: 65536.
 - commit_granule_words: 8192.
 - virtual_space_node_default_size: 1048576.
 - enlarge_chunks_in_place: 1.
 - new_chunks_are_fully_committed: 0.
 - uncommit_free_chunks: 1.
 - use_allocation_guard: 0.
 - handle_deallocations: 1.


Internal statistics:

num_allocs_failed_limit: 0.
num_arena_births: 100.
num_arena_deaths: 0.
num_vsnodes_births: 2.
num_vsnodes_deaths: 0.
num_space_committed: 53.
num_space_uncommitted: 0.
num_chunks_returned_to_freelist: 0.
num_chunks_taken_from_freelist: 173.
num_chunk_merges: 0.
num_chunk_splits: 110.
num_chunks_enlarged: 65.
num_purges: 0.

CodeHeap 'non-profiled nmethods': size=120028Kb used=295Kb max_used=295Kb free=119732Kb
 bounds [0x000000011b707000, 0x000000011b977000, 0x0000000122c3e000]
CodeHeap 'profiled nmethods': size=120028Kb used=1749Kb max_used=1749Kb free=118278Kb
 bounds [0x00000001141d0000, 0x0000000114440000, 0x000000011b707000]
CodeHeap 'non-nmethods': size=5704Kb used=1539Kb max_used=1554Kb free=4164Kb
 bounds [0x0000000113c3e000, 0x0000000113eae000, 0x00000001141d0000]
 total_blobs=1931 nmethods=980 adapters=866
 compilation: enabled
              stopped_count=0, restarted_count=0
 full_count=0

Compilation events (20 events):
Event: 1.069 Thread 0x00007fcd980a6800  972       4       java.lang.String::substring (58 bytes)
Event: 1.072 Thread 0x00007fcd78010800  973       3       org.lwjgl.system.Checks::check (16 bytes)
Event: 1.072 Thread 0x00007fcd78010800 nmethod 973 0x0000000114381510 code [0x00000001143816c0, 0x00000001143818c0]
Event: 1.073 Thread 0x00007fcd980a6800 nmethod 972 0x000000011b74fe90 code [0x000000011b750040, 0x000000011b750498]
Event: 1.074 Thread 0x00007fcd78010800  974       3       java.nio.ByteBuffer::order (48 bytes)
Event: 1.075 Thread 0x00007fcd78010800 nmethod 974 0x0000000114381990 code [0x0000000114381b40, 0x0000000114381d70]
Event: 1.075 Thread 0x00007fcd78010800  975   !   3       jdk.internal.loader.BuiltinClassLoader::loadClassOrNull (143 bytes)
Event: 1.076 Thread 0x00007fcd78010800 nmethod 975 0x0000000114381e10 code [0x0000000114382140, 0x0000000114383670]
Event: 1.076 Thread 0x00007fcd78010800  977  s    3       java.util.jar.JarFile::getInputStream (72 bytes)
Event: 1.076 Thread 0x00007fcd980a6800  978       4       java.lang.Integer::toUnsignedLong (7 bytes)
Event: 1.076 Thread 0x00007fcd78010800 nmethod 977 0x0000000114383f10 code [0x0000000114384140, 0x00000001143846b0]
Event: 1.076 Thread 0x00007fcd78010800  979       3       org.lwjgl.system.MemoryUtil::memPutAddress (29 bytes)
Event: 1.076 Thread 0x00007fcd78010800 nmethod 979 0x0000000114384890 code [0x0000000114384a40, 0x0000000114384c30]
Event: 1.076 Thread 0x00007fcd78010800  976       3       java.lang.ClassLoader::getClassLoadingLock (35 bytes)
Event: 1.077 Thread 0x00007fcd980a6800 nmethod 978 0x000000011b750710 code [0x000000011b750880, 0x000000011b7508d8]
Event: 1.077 Thread 0x00007fcd980a6800  980       4       sun.misc.Unsafe::putLong (11 bytes)
Event: 1.077 Thread 0x00007fcd78010800 nmethod 976 0x0000000114384d10 code [0x0000000114384ee0, 0x00000001143851e0]
Event: 1.077 Thread 0x00007fcd78010800  981       3       sun.misc.Unsafe::getLong (9 bytes)
Event: 1.077 Thread 0x00007fcd78010800 nmethod 981 0x0000000114385390 code [0x0000000114385520, 0x0000000114385630]
Event: 1.077 Thread 0x00007fcd980a6800 nmethod 980 0x000000011b750a10 code [0x000000011b750ba0, 0x000000011b750c38]

GC Heap History (2 events):
Event: 1.045 GC heap before
{Heap before GC invocations=0 (full 0):
 garbage-first heap   total 133120K, used 23496K [0x0000000780000000, 0x0000000800000000)
  region size 1024K, 23 young (23552K), 0 survivors (0K)
 Metaspace       used 3164K, committed 3392K, reserved 1056768K
  class space    used 218K, committed 320K, reserved 1048576K
}
Event: 1.053 GC heap after
{Heap after GC invocations=1 (full 0):
 garbage-first heap   total 133120K, used 5484K [0x0000000780000000, 0x0000000800000000)
  region size 1024K, 3 young (3072K), 3 survivors (3072K)
 Metaspace       used 3164K, committed 3392K, reserved 1056768K
  class space    used 218K, committed 320K, reserved 1048576K
}

Deoptimization events (20 events):
Event: 0.467 Thread 0x00007fcd98019e00 DEOPT PACKING pc=0x000000011b72c438 sp=0x0000000304f77cf0
Event: 0.467 Thread 0x00007fcd98019e00 DEOPT UNPACKING pc=0x0000000113c8b41e sp=0x0000000304f77c28 mode 2
Event: 0.496 Thread 0x00007fcd98019e00 Uncommon trap: trap_request=0xffffffde fr.pc=0x000000011b727f28 relative=0x0000000000000368
Event: 0.496 Thread 0x00007fcd98019e00 Uncommon trap: reason=class_check action=maybe_recompile pc=0x000000011b727f28 method=java.util.HashMap.getNode(Ljava/lang/Object;)Ljava/util/HashMap$Node; @ 63 c2
Event: 0.496 Thread 0x00007fcd98019e00 DEOPT PACKING pc=0x000000011b727f28 sp=0x0000000304f782c0
Event: 0.496 Thread 0x00007fcd98019e00 DEOPT UNPACKING pc=0x0000000113c8b41e sp=0x0000000304f78258 mode 2
Event: 0.569 Thread 0x00007fcd98019e00 Uncommon trap: trap_request=0xffffffde fr.pc=0x000000011b727f28 relative=0x0000000000000368
Event: 0.569 Thread 0x00007fcd98019e00 Uncommon trap: reason=class_check action=maybe_recompile pc=0x000000011b727f28 method=java.util.HashMap.getNode(Ljava/lang/Object;)Ljava/util/HashMap$Node; @ 63 c2
Event: 0.569 Thread 0x00007fcd98019e00 DEOPT PACKING pc=0x000000011b727f28 sp=0x0000000304f763a0
Event: 0.569 Thread 0x00007fcd98019e00 DEOPT UNPACKING pc=0x0000000113c8b41e sp=0x0000000304f76338 mode 2
Event: 0.569 Thread 0x00007fcd98019e00 DEOPT PACKING pc=0x00000001142fbdee sp=0x0000000304f76490
Event: 0.569 Thread 0x00007fcd98019e00 DEOPT UNPACKING pc=0x0000000113c8bb9b sp=0x0000000304f75900 mode 0
Event: 1.008 Thread 0x00007fcd98528400 Uncommon trap: trap_request=0xffffff45 fr.pc=0x000000011b72eedc relative=0x000000000000051c
Event: 1.008 Thread 0x00007fcd98528400 Uncommon trap: reason=unstable_if action=reinterpret pc=0x000000011b72eedc method=java.lang.ThreadLocal.get()Ljava/lang/Object; @ 11 c2
Event: 1.008 Thread 0x00007fcd98528400 DEOPT PACKING pc=0x000000011b72eedc sp=0x00000003065dcac0
Event: 1.008 Thread 0x00007fcd98528400 DEOPT UNPACKING pc=0x0000000113c8b41e sp=0x00000003065dc958 mode 2
Event: 1.022 Thread 0x00007fcd98528400 Uncommon trap: trap_request=0xffffffde fr.pc=0x000000011b727f28 relative=0x0000000000000368
Event: 1.022 Thread 0x00007fcd98528400 Uncommon trap: reason=class_check action=maybe_recompile pc=0x000000011b727f28 method=java.util.HashMap.getNode(Ljava/lang/Object;)Ljava/util/HashMap$Node; @ 63 c2
Event: 1.022 Thread 0x00007fcd98528400 DEOPT PACKING pc=0x000000011b727f28 sp=0x00000003065dcc80
Event: 1.022 Thread 0x00007fcd98528400 DEOPT UNPACKING pc=0x0000000113c8b41e sp=0x00000003065dcc18 mode 2

Classes unloaded (0 events):
No events

Classes redefined (0 events):
No events

Internal exceptions (20 events):
Event: 0.424 Thread 0x00007fcd980d2000 Implicit null exception at 0x000000011b72e5f5 to 0x000000011b72e668
Event: 0.432 Thread 0x00007fcd98019e00 Exception <a 'java/lang/NoSuchMethodError'{0x0000000786df4160}: 'void java.lang.invoke.DirectMethodHandle$Holder.invokeSpecial(java.lang.Object, java.lang.Object, java.lang.Object)'> (0x0000000786df4160) 
thrown [./open/src/hotspot/share/interpreter/linkResolver.cpp, line 790]
Event: 0.438 Thread 0x00007fcd98019e00 Exception <a 'java/lang/NoSuchMethodError'{0x0000000786c08510}: 'java.lang.Object java.lang.invoke.DirectMethodHandle$Holder.invokeStatic(java.lang.Object, java.lang.Object, int)'> (0x0000000786c08510) 
thrown [./open/src/hotspot/share/interpreter/linkResolver.cpp, line 790]
Event: 0.440 Thread 0x00007fcd98019e00 Exception <a 'java/lang/NoSuchMethodError'{0x0000000786c14680}: 'void java.lang.invoke.DelegatingMethodHandle$Holder.delegate(java.lang.Object, java.lang.Object, int, java.lang.Object)'> (0x0000000786c14680) 
thrown [./open/src/hotspot/share/interpreter/linkResolver.cpp, line 790]
Event: 0.440 Thread 0x00007fcd98019e00 Exception <a 'java/lang/NoSuchMethodError'{0x0000000786c187a0}: 'int java.lang.invoke.DirectMethodHandle$Holder.invokeSpecial(java.lang.Object, java.lang.Object, java.lang.Object)'> (0x0000000786c187a0) 
thrown [./open/src/hotspot/share/interpreter/linkResolver.cpp, line 790]
Event: 0.475 Thread 0x00007fcd98019e00 Exception <a 'sun/nio/fs/UnixException'{0x0000000786c71598}> (0x0000000786c71598) 
thrown [./open/src/hotspot/share/prims/jni.cpp, line 579]
Event: 0.504 Thread 0x00007fcd98019e00 Exception <a 'sun/nio/fs/UnixException'{0x0000000786ca6b78}> (0x0000000786ca6b78) 
thrown [./open/src/hotspot/share/prims/jni.cpp, line 579]
Event: 0.526 Thread 0x00007fcd98019e00 Exception <a 'java/lang/NoSuchMethodError'{0x0000000786cf72d8}: 'int java.lang.invoke.DirectMethodHandle$Holder.invokeStaticInit(java.lang.Object, java.lang.Object, int, long)'> (0x0000000786cf72d8) 
thrown [./open/src/hotspot/share/interpreter/linkResolver.cpp, line 790]
Event: 0.528 Thread 0x00007fcd98019e00 Exception <a 'java/lang/NoSuchMethodError'{0x0000000786cfcda8}: 'java.lang.Object java.lang.invoke.DirectMethodHandle$Holder.newInvokeSpecial(java.lang.Object, java.lang.Object, int)'> (0x0000000786cfcda8) 
thrown [./open/src/hotspot/share/interpreter/linkResolver.cpp, line 790]
Event: 0.533 Thread 0x00007fcd98019e00 Exception <a 'java/lang/NoSuchMethodError'{0x0000000786b0caa8}: 'int java.lang.invoke.DirectMethodHandle$Holder.invokeStaticInit(java.lang.Object, java.lang.Object, long, long)'> (0x0000000786b0caa8) 
thrown [./open/src/hotspot/share/interpreter/linkResolver.cpp, line 790]
Event: 0.534 Thread 0x00007fcd98019e00 Exception <a 'java/lang/NoSuchMethodError'{0x0000000786b12e50}: 'java.lang.Object java.lang.invoke.DirectMethodHandle$Holder.newInvokeSpecial(java.lang.Object, java.lang.Object, long)'> (0x0000000786b12e50) 
thrown [./open/src/hotspot/share/interpreter/linkResolver.cpp, line 790]
Event: 0.535 Thread 0x00007fcd98019e00 Exception <a 'java/lang/NoSuchMethodError'{0x0000000786b17250}: 'java.lang.Object java.lang.invoke.Invokers$Holder.linkToTargetMethod(java.lang.Object, long, java.lang.Object)'> (0x0000000786b17250) 
thrown [./open/src/hotspot/share/interpreter/linkResolver.cpp, line 790]
Event: 0.536 Thread 0x00007fcd98019e00 Exception <a 'java/lang/NoSuchMethodError'{0x0000000786b1ecf8}: 'int java.lang.invoke.DirectMethodHandle$Holder.invokeStaticInit(java.lang.Object, java.lang.Object, java.lang.Object, long)'> (0x0000000786b1ecf8) 
thrown [./open/src/hotspot/share/interpreter/linkResolver.cpp, line 790]
Event: 0.562 Thread 0x00007fcd98019e00 Exception <a 'sun/nio/fs/UnixException'{0x0000000786bbb840}> (0x0000000786bbb840) 
thrown [./open/src/hotspot/share/prims/jni.cpp, line 579]
Event: 0.574 Thread 0x00007fcd98019e00 Exception <a 'sun/nio/fs/UnixException'{0x0000000786bf5f18}> (0x0000000786bf5f18) 
thrown [./open/src/hotspot/share/prims/jni.cpp, line 579]
Event: 0.919 Thread 0x00007fcd98019e00 Exception <a 'java/lang/ClassNotFoundException'{0x0000000786abb748}: sun/awt/resources/spi/awtProvider> (0x0000000786abb748) 
thrown [./open/src/hotspot/share/classfile/systemDictionary.cpp, line 256]
Event: 0.974 Thread 0x00007fcd98019e00 Exception <a 'java/io/FileNotFoundException'{0x000000078690ac38}> (0x000000078690ac38) 
thrown [./open/src/hotspot/share/prims/jni.cpp, line 579]
Event: 0.985 Thread 0x00007fcd98019e00 Exception <a 'java/io/FileNotFoundException'{0x00000007869392d0}> (0x00000007869392d0) 
thrown [./open/src/hotspot/share/prims/jni.cpp, line 579]
Event: 1.008 Thread 0x00007fcd98528400 Implicit null exception at 0x000000011b72eae2 to 0x000000011b72eec0
Event: 1.063 Thread 0x00007fcd98528400 Exception <a 'sun/nio/fs/UnixException'{0x0000000787f013e8}> (0x0000000787f013e8) 
thrown [./open/src/hotspot/share/prims/jni.cpp, line 579]

Events (20 events):
Event: 0.972 Executing  VM operation: HandshakeAllThreads done
Event: 0.974 loading class java/io/FileNotFoundException
Event: 0.974 loading class java/io/FileNotFoundException done
Event: 0.986 loading class java/awt/GraphicsEnvironment
Event: 0.986 loading class java/awt/GraphicsEnvironment done
Event: 0.987 loading class sun/awt/PlatformGraphicsInfo
Event: 0.987 loading class sun/awt/PlatformGraphicsInfo done
Event: 1.002 Thread 0x00007fcd98528400 Thread added: 0x00007fcd98528400
Event: 1.002 Protecting memory [0x00000003064de000,0x00000003064e2000] with protection modes 0
Event: 1.003 Protecting memory [0x0000000304785000,0x0000000304789000] with protection modes 3
Event: 1.003 Thread 0x00007fcd98019e00 Thread exited: 0x00007fcd98019e00
Event: 1.004 Protecting memory [0x0000000304785000,0x0000000304789000] with protection modes 0
Event: 1.008 Thread 0x00007fcd8f81c000 Thread added: 0x00007fcd8f81c000
Event: 1.041 Executing  VM operation: Cleanup
Event: 1.044 Executing  VM operation: Cleanup done
Event: 1.044 Executing  VM operation: G1CollectForAllocation
Event: 1.054 Executing  VM operation: G1CollectForAllocation done
Event: 1.055 Thread 0x00007fcd787d1c00 Thread added: 0x00007fcd787d1c00
Event: 1.055 Protecting memory [0x00000003068ea000,0x00000003068ee000] with protection modes 0
Event: 1.066 Loaded shared library /private/var/folders/0g/b_p9qpss7t18dbg9nbqg7hmr0000gn/T/lwjgljimphieffer/3.3.1-build-7/liblwjgl_opengl.dylib


Dynamic libraries:
0x0000000108d1b000 	/Library/Java/JavaVirtualMachines/jdk-16.0.2.jdk/Contents/Home/lib/libjli.dylib
0x00007ff81e780000 	/usr/lib/libz.1.dylib
0x00007ff81e866000 	/usr/lib/libSystem.B.dylib
0x00007ff81e861000 	/usr/lib/system/libcache.dylib
0x00007ff81e81d000 	/usr/lib/system/libcommonCrypto.dylib
0x00007ff81e846000 	/usr/lib/system/libcompiler_rt.dylib
0x00007ff81e83c000 	/usr/lib/system/libcopyfile.dylib
0x00007ff8134a2000 	/usr/lib/system/libcorecrypto.dylib
0x00007ff813561000 	/usr/lib/system/libdispatch.dylib
0x00007ff813723000 	/usr/lib/system/libdyld.dylib
0x00007ff81e858000 	/usr/lib/system/libkeymgr.dylib
0x00007ff81e7fb000 	/usr/lib/system/libmacho.dylib
0x00007ff81de85000 	/usr/lib/system/libquarantine.dylib
0x00007ff81e856000 	/usr/lib/system/libremovefile.dylib
0x00007ff8185ad000 	/usr/lib/system/libsystem_asl.dylib
0x00007ff813450000 	/usr/lib/system/libsystem_blocks.dylib
0x00007ff8135e8000 	/usr/lib/system/libsystem_c.dylib
0x00007ff81e84e000 	/usr/lib/system/libsystem_collections.dylib
0x00007ff81d1a6000 	/usr/lib/system/libsystem_configuration.dylib
0x00007ff81c465000 	/usr/lib/system/libsystem_containermanager.dylib
0x00007ff81e532000 	/usr/lib/system/libsystem_coreservices.dylib
0x00007ff815c73000 	/usr/lib/system/libsystem_darwin.dylib
0x00007ff81e859000 	/usr/lib/system/libsystem_dnssd.dylib
0x00007ff8135e5000 	/usr/lib/system/libsystem_featureflags.dylib
0x00007ff813739000 	/usr/lib/system/libsystem_info.dylib
0x00007ff81e793000 	/usr/lib/system/libsystem_m.dylib
0x00007ff813535000 	/usr/lib/system/libsystem_malloc.dylib
0x00007ff81854a000 	/usr/lib/system/libsystem_networkextension.dylib
0x00007ff81609b000 	/usr/lib/system/libsystem_notify.dylib
0x00007ff824a91000 	/usr/lib/system/libsystem_product_info_filter.dylib
0x00007ff81d1aa000 	/usr/lib/system/libsystem_sandbox.dylib
0x00007ff81e853000 	/usr/lib/system/libsystem_secinit.dylib
0x00007ff8136e0000 	/usr/lib/system/libsystem_kernel.dylib
0x00007ff81372f000 	/usr/lib/system/libsystem_platform.dylib
0x00007ff813717000 	/usr/lib/system/libsystem_pthread.dylib
0x00007ff819e75000 	/usr/lib/system/libsystem_symptoms.dylib
0x00007ff813489000 	/usr/lib/system/libsystem_trace.dylib
0x00007ff81e829000 	/usr/lib/system/libunwind.dylib
0x00007ff813452000 	/usr/lib/system/libxpc.dylib
0x00007ff8136ca000 	/usr/lib/libc++abi.dylib
0x00007ff8135a8000 	/usr/lib/libobjc.A.dylib
0x00007ff81e834000 	/usr/lib/liboah.dylib
0x00007ff813671000 	/usr/lib/libc++.1.dylib
0x00007ff82a7e7000 	/System/Library/Frameworks/Cocoa.framework/Versions/A/Cocoa
0x00007ff8160f9000 	/System/Library/Frameworks/AppKit.framework/Versions/C/AppKit
0x00007ff819652000 	/System/Library/Frameworks/CoreData.framework/Versions/A/CoreData
0x00007ff814510000 	/System/Library/Frameworks/Foundation.framework/Versions/C/Foundation
0x00007ff816f88000 	/System/Library/PrivateFrameworks/UIFoundation.framework/Versions/A/UIFoundation
0x00007ff824798000 	/System/Library/PrivateFrameworks/RemoteViewServices.framework/Versions/A/RemoteViewServices
0x00007ff81cb3d000 	/System/Library/PrivateFrameworks/XCTTargetBootstrap.framework/Versions/A/XCTTargetBootstrap
0x00007ff820732000 	/System/Library/PrivateFrameworks/InternationalSupport.framework/Versions/A/InternationalSupport
0x00007ff8207bc000 	/System/Library/PrivateFrameworks/UserActivity.framework/Versions/A/UserActivity
0x00007ff81fb19000 	/usr/lib/libspindump.dylib
0x00007ff817216000 	/System/Library/Frameworks/UniformTypeIdentifiers.framework/Versions/A/UniformTypeIdentifiers
0x00007ff81b27a000 	/usr/lib/libapp_launch_measurement.dylib
0x00007ff81a02e000 	/System/Library/PrivateFrameworks/CoreAnalytics.framework/Versions/A/CoreAnalytics
0x00007ff81b27d000 	/System/Library/PrivateFrameworks/CoreAutoLayout.framework/Versions/A/CoreAutoLayout
0x00007ff81c49d000 	/System/Library/Frameworks/Metal.framework/Versions/A/Metal
0x00007ff81d1b5000 	/usr/lib/liblangid.dylib
0x00007ff81cb41000 	/System/Library/PrivateFrameworks/CoreSVG.framework/Versions/A/CoreSVG
0x00007ff8185dd000 	/System/Library/PrivateFrameworks/SkyLight.framework/Versions/A/SkyLight
0x00007ff818970000 	/System/Library/Frameworks/CoreGraphics.framework/Versions/A/CoreGraphics
0x00007ff824e07000 	/System/Library/Frameworks/Accelerate.framework/Versions/A/Accelerate
0x00007ff81f594000 	/System/Library/PrivateFrameworks/IconServices.framework/Versions/A/IconServices
0x00007ff81c482000 	/System/Library/Frameworks/IOSurface.framework/Versions/A/IOSurface
0x00007ff81a05c000 	/usr/lib/libDiagnosticMessagesClient.dylib
0x00007ff828476000 	/System/Library/Frameworks/ApplicationServices.framework/Versions/A/ApplicationServices
0x00007ff81cb29000 	/System/Library/PrivateFrameworks/DFRFoundation.framework/Versions/A/DFRFoundation
0x00007ff8159ea000 	/usr/lib/libicucore.A.dylib
0x00007ff821457000 	/System/Library/Frameworks/AudioToolbox.framework/Versions/A/AudioToolbox
0x00007ff82073e000 	/System/Library/PrivateFrameworks/DataDetectorsCore.framework/Versions/A/DataDetectorsCore
0x00007ff91c037000 	/System/Library/PrivateFrameworks/TextInput.framework/Versions/A/TextInput
0x00007ff818561000 	/usr/lib/libMobileGestalt.dylib
0x00007ff81c831000 	/System/Library/Frameworks/Carbon.framework/Versions/A/Frameworks/HIToolbox.framework/Versions/A/HIToolbox
0x00007ff81aca7000 	/System/Library/Frameworks/QuartzCore.framework/Versions/A/QuartzCore
0x00007ff81568a000 	/System/Library/Frameworks/Security.framework/Versions/A/Security
0x00007ff8247d0000 	/System/Library/Frameworks/Carbon.framework/Versions/A/Frameworks/SpeechRecognition.framework/Versions/A/SpeechRecognition
0x00007ff81afda000 	/System/Library/PrivateFrameworks/CoreUI.framework/Versions/A/CoreUI
0x00007ff814f62000 	/System/Library/Frameworks/CoreAudio.framework/Versions/A/CoreAudio
0x00007ff81a14a000 	/System/Library/Frameworks/DiskArbitration.framework/Versions/A/DiskArbitration
0x00007ff81fefc000 	/System/Library/PrivateFrameworks/MultitouchSupport.framework/Versions/A/MultitouchSupport
0x00007ff818560000 	/usr/lib/libenergytrace.dylib
0x00007ff815fe5000 	/System/Library/Frameworks/IOKit.framework/Versions/A/IOKit
0x00007ff824bbc000 	/System/Library/Frameworks/CoreServices.framework/Versions/A/CoreServices
0x00007ff81b214000 	/System/Library/PrivateFrameworks/PerformanceAnalysis.framework/Versions/A/PerformanceAnalysis
0x00007ffa2bb19000 	/System/Library/Frameworks/OpenGL.framework/Versions/A/OpenGL
0x00007ff81ddb1000 	/System/Library/PrivateFrameworks/MobileKeyBag.framework/Versions/A/MobileKeyBag
0x00007ff81909f000 	/System/Library/Frameworks/ColorSync.framework/Versions/A/ColorSync
0x00007ff813764000 	/System/Library/Frameworks/CoreFoundation.framework/Versions/A/CoreFoundation
0x00007ff81cdbc000 	/System/Library/Frameworks/CoreImage.framework/Versions/A/CoreImage
0x00007ff814d78000 	/System/Library/Frameworks/CoreText.framework/Versions/A/CoreText
0x00007ff81cb70000 	/System/Library/Frameworks/ImageIO.framework/Versions/A/ImageIO
0x00007ff81e86c000 	/System/Library/PrivateFrameworks/SoftLinking.framework/Versions/A/SoftLinking
0x00007ff81b2c5000 	/usr/lib/libxml2.2.dylib
0x00007ff81eaed000 	/usr/lib/libcompression.dylib
0x00007ff820668000 	/System/Library/PrivateFrameworks/TextureIO.framework/Versions/A/TextureIO
0x00007ff81f20d000 	/usr/lib/libate.dylib
0x00007ff81efc6000 	/usr/lib/liblzma.5.dylib
0x00007ff814221000 	/System/Library/Frameworks/SystemConfiguration.framework/Versions/A/SystemConfiguration
0x00007ff81e868000 	/usr/lib/libfakelink.dylib
0x00007ff8180b3000 	/System/Library/Frameworks/CFNetwork.framework/Versions/A/CFNetwork
0x00007ff81e9a7000 	/usr/lib/libarchive.2.dylib
0x00007ff81d1b1000 	/System/Library/PrivateFrameworks/AppleSystemInfo.framework/Versions/A/AppleSystemInfo
0x00007ff81deac000 	/usr/lib/libbsm.0.dylib
0x00007ff8176e9000 	/usr/lib/libnetwork.dylib
0x00007ff81e801000 	/usr/lib/system/libkxld.dylib
0x00007ff81dada000 	/System/Library/PrivateFrameworks/IOMobileFramebuffer.framework/Versions/A/IOMobileFramebuffer
0x00007ffb2970e000 	/usr/lib/libCoreEntitlements.dylib
0x00007ff81e514000 	/System/Library/PrivateFrameworks/AppleFSCompression.framework/Versions/A/AppleFSCompression
0x00007ff81de94000 	/usr/lib/libcoretls.dylib
0x00007ff81efe0000 	/usr/lib/libcoretls_cfhelpers.dylib
0x00007ff81eae8000 	/usr/lib/libpam.2.dylib
0x00007ff819a9b000 	/usr/lib/libsqlite3.dylib
0x00007ff81f04f000 	/usr/lib/libxar.1.dylib
0x00007ff81e524000 	/usr/lib/libbz2.1.0.dylib
0x00007ff81e86d000 	/usr/lib/libpcap.A.dylib
0x00007ff819e6c000 	/usr/lib/libdns_services.dylib
0x00007ff81eaba000 	/usr/lib/libapple_nghttp2.dylib
0x00007ff81e8a4000 	/usr/lib/libiconv.2.dylib
0x00007ff81e7fa000 	/usr/lib/libcharset.1.dylib
0x00007ff81b248000 	/System/Library/Frameworks/CoreServices.framework/Versions/A/Frameworks/FSEvents.framework/Versions/A/FSEvents
0x00007ff815c7d000 	/System/Library/Frameworks/CoreServices.framework/Versions/A/Frameworks/CarbonCore.framework/Versions/A/CarbonCore
0x00007ff81a0af000 	/System/Library/Frameworks/CoreServices.framework/Versions/A/Frameworks/Metadata.framework/Versions/A/Metadata
0x00007ff81e537000 	/System/Library/Frameworks/CoreServices.framework/Versions/A/Frameworks/OSServices.framework/Versions/A/OSServices
0x00007ff81ea2e000 	/System/Library/Frameworks/CoreServices.framework/Versions/A/Frameworks/SearchKit.framework/Versions/A/SearchKit
0x00007ff819dfe000 	/System/Library/Frameworks/CoreServices.framework/Versions/A/Frameworks/AE.framework/Versions/A/AE
0x00007ff813c65000 	/System/Library/Frameworks/CoreServices.framework/Versions/A/Frameworks/LaunchServices.framework/Versions/A/LaunchServices
0x00007ff81ef77000 	/System/Library/Frameworks/CoreServices.framework/Versions/A/Frameworks/DictionaryServices.framework/Versions/A/DictionaryServices
0x00007ff81b255000 	/System/Library/Frameworks/CoreServices.framework/Versions/A/Frameworks/SharedFileList.framework/Versions/A/SharedFileList
0x00007ff81de88000 	/usr/lib/libCheckFix.dylib
0x00007ff8185c4000 	/System/Library/PrivateFrameworks/TCC.framework/Versions/A/TCC
0x00007ff81d1b7000 	/System/Library/PrivateFrameworks/CoreNLP.framework/Versions/A/CoreNLP
0x00007ff81a05f000 	/System/Library/PrivateFrameworks/MetadataUtilities.framework/Versions/A/MetadataUtilities
0x00007ff8142d1000 	/usr/lib/libmecabra.dylib
0x00007ff81debc000 	/usr/lib/libmecab.dylib
0x00007ff81429c000 	/usr/lib/libCRFSuite.dylib
0x00007ff81df19000 	/usr/lib/libgermantok.dylib
0x00007ff81ea95000 	/usr/lib/libThaiTokenizer.dylib
0x00007ff81a151000 	/System/Library/Frameworks/Accelerate.framework/Versions/A/Frameworks/vImage.framework/Versions/A/vImage
0x00007ff824b93000 	/System/Library/Frameworks/Accelerate.framework/Versions/A/Frameworks/vecLib.framework/Versions/A/vecLib
0x00007ff81f090000 	/System/Library/Frameworks/Accelerate.framework/Versions/A/Frameworks/vecLib.framework/Versions/A/libvMisc.dylib
0x00007ff81d8ce000 	/System/Library/Frameworks/Accelerate.framework/Versions/A/Frameworks/vecLib.framework/Versions/A/libvDSP.dylib
0x00007ff813fdd000 	/System/Library/Frameworks/Accelerate.framework/Versions/A/Frameworks/vecLib.framework/Versions/A/libBLAS.dylib
0x00007ff81ebca000 	/System/Library/Frameworks/Accelerate.framework/Versions/A/Frameworks/vecLib.framework/Versions/A/libLAPACK.dylib
0x00007ff81df1c000 	/System/Library/Frameworks/Accelerate.framework/Versions/A/Frameworks/vecLib.framework/Versions/A/libLinearAlgebra.dylib
0x00007ff81ead3000 	/System/Library/Frameworks/Accelerate.framework/Versions/A/Frameworks/vecLib.framework/Versions/A/libSparseBLAS.dylib
0x00007ff81ebc4000 	/System/Library/Frameworks/Accelerate.framework/Versions/A/Frameworks/vecLib.framework/Versions/A/libQuadrature.dylib
0x00007ff81d2a1000 	/System/Library/Frameworks/Accelerate.framework/Versions/A/Frameworks/vecLib.framework/Versions/A/libBNNS.dylib
0x00007ff8141b2000 	/System/Library/Frameworks/Accelerate.framework/Versions/A/Frameworks/vecLib.framework/Versions/A/libSparse.dylib
0x00007ff81d29a000 	/System/Library/PrivateFrameworks/LinguisticData.framework/Versions/A/LinguisticData
0x00007ff814167000 	/System/Library/PrivateFrameworks/Lexicon.framework/Versions/A/Lexicon
0x00007ff81f089000 	/usr/lib/libChineseTokenizer.dylib
0x00007ff8148cb000 	/System/Library/PrivateFrameworks/LanguageModeling.framework/Versions/A/LanguageModeling
0x00007ff81ea97000 	/System/Library/PrivateFrameworks/AppleSauce.framework/Versions/A/AppleSauce
0x00007ff81dac8000 	/System/Library/PrivateFrameworks/CoreEmoji.framework/Versions/A/CoreEmoji
0x00007ff81e996000 	/usr/lib/libcmph.dylib
0x00007ff81b22c000 	/System/Library/Frameworks/OpenDirectory.framework/Versions/A/Frameworks/CFOpenDirectory.framework/Versions/A/CFOpenDirectory
0x00007ff81b220000 	/System/Library/Frameworks/OpenDirectory.framework/Versions/A/OpenDirectory
0x00007ff81efe2000 	/System/Library/PrivateFrameworks/APFS.framework/Versions/A/APFS
0x00007ff81dde9000 	/System/Library/Frameworks/SecurityFoundation.framework/Versions/A/SecurityFoundation
0x00007ff81f05d000 	/usr/lib/libutil.dylib
0x00007ff815fa8000 	/System/Library/PrivateFrameworks/CoreServicesStore.framework/Versions/A/CoreServicesStore
0x00007ff81f061000 	/usr/lib/libxslt.1.dylib
0x00007ff81de76000 	/System/Library/PrivateFrameworks/BackgroundTaskManagement.framework/Versions/A/BackgroundTaskManagement
0x00007ff82058a000 	/System/Library/Frameworks/ImageIO.framework/Versions/A/Resources/libRadiance.dylib
0x00007ff820593000 	/System/Library/Frameworks/ImageIO.framework/Versions/A/Resources/libJPEG.dylib
0x00007ff8204e4000 	/System/Library/Frameworks/ImageIO.framework/Versions/A/Resources/libPng.dylib
0x00007ff820505000 	/System/Library/Frameworks/ImageIO.framework/Versions/A/Resources/libTIFF.dylib
0x00007ff8205f1000 	/System/Library/Frameworks/ImageIO.framework/Versions/A/Resources/libGIF.dylib
0x00007ff81fe19000 	/System/Library/Frameworks/ImageIO.framework/Versions/A/Resources/libJP2.dylib
0x00007ff81f55b000 	/usr/lib/libexpat.1.dylib
0x00007ff81fdce000 	/System/Library/PrivateFrameworks/AppleJPEG.framework/Versions/A/AppleJPEG
0x00007ff81c6f8000 	/System/Library/PrivateFrameworks/FontServices.framework/libFontParser.dylib
0x00007ff819da8000 	/System/Library/PrivateFrameworks/RunningBoardServices.framework/Versions/A/RunningBoardServices
0x00007ff82ad61000 	/System/Library/PrivateFrameworks/IOSurfaceAccelerator.framework/Versions/A/IOSurfaceAccelerator
0x00007ff81fef8000 	/System/Library/PrivateFrameworks/WatchdogClient.framework/Versions/A/WatchdogClient
0x00007ff8149ba000 	/System/Library/Frameworks/CoreDisplay.framework/Versions/A/CoreDisplay
0x00007ff81c5f7000 	/System/Library/Frameworks/CoreMedia.framework/Versions/A/CoreMedia
0x00007ff81c494000 	/System/Library/PrivateFrameworks/IOAccelerator.framework/Versions/A/IOAccelerator
0x00007ff81b3a8000 	/System/Library/Frameworks/CoreVideo.framework/Versions/A/CoreVideo
0x00007ff81eae6000 	/System/Library/Frameworks/MetalPerformanceShaders.framework/Versions/A/MetalPerformanceShaders
0x00007ff81ff33000 	/System/Library/Frameworks/VideoToolbox.framework/Versions/A/VideoToolbox
0x00007ff819cf0000 	/System/Library/PrivateFrameworks/BaseBoard.framework/Versions/A/BaseBoard
0x00007ff819a81000 	/System/Library/PrivateFrameworks/ProtocolBuffer.framework/Versions/A/ProtocolBuffer
0x00007ff820583000 	/System/Library/PrivateFrameworks/GPUWrangler.framework/Versions/A/GPUWrangler
0x00007ff820566000 	/System/Library/PrivateFrameworks/IOPresentment.framework/Versions/A/IOPresentment
0x00007ff82058d000 	/System/Library/PrivateFrameworks/DSExternalDisplay.framework/Versions/A/DSExternalDisplay
0x00007ffa2bb0d000 	/System/Library/Frameworks/OpenGL.framework/Versions/A/Libraries/libCoreFSCache.dylib
0x00007ffb179f8000 	/System/Library/PrivateFrameworks/GPUCompiler.framework/Versions/31001/Libraries/libGPUCompilerUtils.dylib
0x00007ff8205f6000 	/System/Library/PrivateFrameworks/CMCaptureCore.framework/Versions/A/CMCaptureCore
0x00007ff81fb07000 	/System/Library/PrivateFrameworks/AppServerSupport.framework/Versions/A/AppServerSupport
0x00007ff821cdd000 	/System/Library/PrivateFrameworks/perfdata.framework/Versions/A/perfdata
0x00007ff814ae6000 	/System/Library/PrivateFrameworks/AudioToolboxCore.framework/Versions/A/AudioToolboxCore
0x00007ff81c5d4000 	/System/Library/PrivateFrameworks/caulk.framework/Versions/A/caulk
0x00007ff821601000 	/usr/lib/libAudioStatistics.dylib
0x00007ff9188c8000 	/System/Library/PrivateFrameworks/SystemPolicy.framework/Versions/A/SystemPolicy
0x00007ff821856000 	/usr/lib/libSMC.dylib
0x00007ff82a69a000 	/System/Library/Frameworks/CoreMIDI.framework/Versions/A/CoreMIDI
0x00007ff8204b4000 	/usr/lib/libAudioToolboxUtility.dylib
0x00007ff914cda000 	/System/Library/PrivateFrameworks/OSAServicesClient.framework/Versions/A/OSAServicesClient
0x00007ff821cea000 	/usr/lib/libperfcheck.dylib
0x00007ff91935a000 	/usr/lib/libmis.dylib
0x00007ffa2bb69000 	/System/Library/Frameworks/OpenGL.framework/Versions/A/Libraries/libGLU.dylib
0x00007ffa2bb2c000 	/System/Library/Frameworks/OpenGL.framework/Versions/A/Libraries/libGFXShared.dylib
0x00007ffa2bd3a000 	/System/Library/Frameworks/OpenGL.framework/Versions/A/Libraries/libGL.dylib
0x00007ffa2bb35000 	/System/Library/Frameworks/OpenGL.framework/Versions/A/Libraries/libGLImage.dylib
0x00007ffa2bb29000 	/System/Library/Frameworks/OpenGL.framework/Versions/A/Libraries/libCVMSPluginSupport.dylib
0x00007ffa2bb14000 	/System/Library/Frameworks/OpenGL.framework/Versions/A/Libraries/libCoreVMClient.dylib
0x00007ff81d135000 	/System/Library/Frameworks/MetalPerformanceShaders.framework/Versions/A/Frameworks/MPSCore.framework/Versions/A/MPSCore
0x00007ff81e47f000 	/System/Library/Frameworks/MetalPerformanceShaders.framework/Versions/A/Frameworks/MPSImage.framework/Versions/A/MPSImage
0x00007ff81df32000 	/System/Library/Frameworks/MetalPerformanceShaders.framework/Versions/A/Frameworks/MPSNeuralNetwork.framework/Versions/A/MPSNeuralNetwork
0x00007ff81e3a7000 	/System/Library/Frameworks/MetalPerformanceShaders.framework/Versions/A/Frameworks/MPSMatrix.framework/Versions/A/MPSMatrix
0x00007ff81e163000 	/System/Library/Frameworks/MetalPerformanceShaders.framework/Versions/A/Frameworks/MPSRayIntersector.framework/Versions/A/MPSRayIntersector
0x00007ff81e3e0000 	/System/Library/Frameworks/MetalPerformanceShaders.framework/Versions/A/Frameworks/MPSNDArray.framework/Versions/A/MPSNDArray
0x00007ffa3072b000 	/System/Library/Frameworks/MetalPerformanceShaders.framework/Versions/A/Frameworks/MPSFunctions.framework/Versions/A/MPSFunctions
0x00007ff813ec0000 	/System/Library/PrivateFrameworks/MetalTools.framework/Versions/A/MetalTools
0x00007ff81d1af000 	/System/Library/PrivateFrameworks/AggregateDictionary.framework/Versions/A/AggregateDictionary
0x00007ff81f33d000 	/usr/lib/libIOReport.dylib
0x00007ffa2d149000 	/System/Library/Frameworks/OpenCL.framework/Versions/A/OpenCL
0x00007ff81f6a1000 	/System/Library/PrivateFrameworks/FaceCore.framework/Versions/A/FaceCore
0x00007ff81f692000 	/System/Library/PrivateFrameworks/GraphVisualizer.framework/Versions/A/GraphVisualizer
0x00007ffb17903000 	/System/Library/PrivateFrameworks/FontServices.framework/Versions/A/FontServices
0x00007ff81fabe000 	/System/Library/PrivateFrameworks/OTSVG.framework/Versions/A/OTSVG
0x00007ff81af90000 	/System/Library/Frameworks/ApplicationServices.framework/Versions/A/Frameworks/ATS.framework/Versions/A/Resources/libFontRegistry.dylib
0x00007ff81fb0f000 	/System/Library/PrivateFrameworks/FontServices.framework/libhvf.dylib
0x00007ffb17904000 	/System/Library/PrivateFrameworks/FontServices.framework/libXTFontStaticRegistryData.dylib
0x00007ff81f50b000 	/System/Library/PrivateFrameworks/AppleVA.framework/Versions/A/AppleVA
0x00007ff821625000 	/System/Library/Frameworks/ApplicationServices.framework/Versions/A/Frameworks/ATS.framework/Versions/A/ATS
0x00007ff81919b000 	/System/Library/Frameworks/ApplicationServices.framework/Versions/A/Frameworks/HIServices.framework/Versions/A/HIServices
0x00007ff820600000 	/System/Library/Frameworks/ApplicationServices.framework/Versions/A/Frameworks/PrintCore.framework/Versions/A/PrintCore
0x00007ff8219a9000 	/System/Library/Frameworks/ApplicationServices.framework/Versions/A/Frameworks/QD.framework/Versions/A/QD
0x00007ff8219a1000 	/System/Library/Frameworks/ApplicationServices.framework/Versions/A/Frameworks/ColorSyncLegacy.framework/Versions/A/ColorSyncLegacy
0x00007ff821615000 	/System/Library/Frameworks/ApplicationServices.framework/Versions/A/Frameworks/SpeechSynthesis.framework/Versions/A/SpeechSynthesis
0x00007ff8205c1000 	/System/Library/Frameworks/ApplicationServices.framework/Versions/A/Frameworks/ATSUI.framework/Versions/A/ATSUI
0x00007ff821936000 	/usr/lib/libcups.2.dylib
0x00007ff821cf9000 	/System/Library/Frameworks/Kerberos.framework/Versions/A/Kerberos
0x00007ff821d08000 	/System/Library/Frameworks/GSS.framework/Versions/A/GSS
0x00007ff821691000 	/usr/lib/libresolv.9.dylib
0x00007ff81fb1e000 	/System/Library/PrivateFrameworks/Heimdal.framework/Versions/A/Heimdal
0x00007ff8287f1000 	/System/Library/Frameworks/Kerberos.framework/Versions/A/Libraries/libHeimdalProxy.dylib
0x00007ff819e7d000 	/System/Library/Frameworks/Network.framework/Versions/A/Network
0x00007ff81f575000 	/usr/lib/libheimdal-asn1.dylib
0x00007ff821d54000 	/System/Library/PrivateFrameworks/CommonAuth.framework/Versions/A/CommonAuth
0x00007ff821592000 	/System/Library/PrivateFrameworks/AudioSession.framework/Versions/A/AudioSession
0x00007ff81f605000 	/System/Library/PrivateFrameworks/MediaExperience.framework/Versions/A/MediaExperience
0x00007ff821426000 	/System/Library/PrivateFrameworks/AudioSession.framework/libSessionUtility.dylib
0x00007ff8219b5000 	/System/Library/PrivateFrameworks/AudioResourceArbitration.framework/Versions/A/AudioResourceArbitration
0x00007ff8259a6000 	/System/Library/PrivateFrameworks/PowerLog.framework/Versions/A/PowerLog
0x00007ff81f57e000 	/System/Library/PrivateFrameworks/IconFoundation.framework/Versions/A/IconFoundation
0x00007ff8247c0000 	/System/Library/PrivateFrameworks/SpeechRecognitionCore.framework/Versions/A/SpeechRecognitionCore
0x0000000109da2000 	/Library/Java/JavaVirtualMachines/jdk-16.0.2.jdk/Contents/Home/lib/server/libjvm.dylib
0x0000000108dbf000 	/Library/Java/JavaVirtualMachines/jdk-16.0.2.jdk/Contents/Home/lib/libjimage.dylib
0x0000000108dea000 	/Library/Java/JavaVirtualMachines/jdk-16.0.2.jdk/Contents/Home/lib/libinstrument.dylib
0x0000000108e3a000 	/Library/Java/JavaVirtualMachines/jdk-16.0.2.jdk/Contents/Home/lib/libjava.dylib
0x0000000128dc4000 	/Library/Java/JavaVirtualMachines/jdk-16.0.2.jdk/Contents/Home/lib/libzip.dylib
0x0000000128dfb000 	/Library/Java/JavaVirtualMachines/jdk-16.0.2.jdk/Contents/Home/lib/libnio.dylib
0x0000000128e45000 	/Library/Java/JavaVirtualMachines/jdk-16.0.2.jdk/Contents/Home/lib/libnet.dylib
0x0000000128c65000 	/Library/Java/JavaVirtualMachines/jdk-16.0.2.jdk/Contents/Home/lib/libextnet.dylib
0x000000012b47e000 	/private/var/folders/0g/b_p9qpss7t18dbg9nbqg7hmr0000gn/T/lwjgljimphieffer/3.3.1-build-7/liblwjgl.dylib
0x000000012b545000 	/private/var/folders/0g/b_p9qpss7t18dbg9nbqg7hmr0000gn/T/lwjgljimphieffer/3.3.1-build-7/libglfw.dylib
0x000000012b5f9000 	/private/var/folders/0g/b_p9qpss7t18dbg9nbqg7hmr0000gn/T/lwjgljimphieffer/3.3.1-build-7/libjemalloc.dylib
0x00007ff815f69000 	/System/Library/PrivateFrameworks/CoreServicesInternal.framework/Versions/A/CoreServicesInternal
0x00007ff825f97000 	/System/Library/Frameworks/FileProvider.framework/Versions/A/FileProvider
0x00007ff819c5c000 	/System/Library/Frameworks/Accounts.framework/Versions/A/Accounts
0x00007ff82610e000 	/System/Library/PrivateFrameworks/GenerationalStorage.framework/Versions/A/GenerationalStorage
0x00007ff826c20000 	/System/Library/PrivateFrameworks/CoreSymbolication.framework/Versions/A/CoreSymbolication
0x00007ff82599b000 	/System/Library/PrivateFrameworks/SymptomDiagnosticReporter.framework/Versions/A/SymptomDiagnosticReporter
0x00007ff81722a000 	/System/Library/PrivateFrameworks/DesktopServicesPriv.framework/Versions/A/DesktopServicesPriv
0x00007ff8160aa000 	/usr/lib/libsandbox.1.dylib
0x00007ff81b427000 	/System/Library/PrivateFrameworks/UserManagement.framework/Versions/A/UserManagement
0x00007ff826be5000 	/System/Library/PrivateFrameworks/DebugSymbols.framework/Versions/A/DebugSymbols
0x00007ff821996000 	/System/Library/PrivateFrameworks/NetAuth.framework/Versions/A/NetAuth
0x00007ff822884000 	/System/Library/PrivateFrameworks/Sharing.framework/Versions/A/Sharing
0x00007ff81b3fa000 	/System/Library/PrivateFrameworks/login.framework/Versions/A/Frameworks/loginsupport.framework/Versions/A/loginsupport
0x00007ff827d25000 	/System/Library/PrivateFrameworks/Apple80211.framework/Versions/A/Apple80211
0x00007ff81e564000 	/System/Library/PrivateFrameworks/AuthKit.framework/Versions/A/AuthKit
0x00007ff81dbbe000 	/System/Library/PrivateFrameworks/CoreUtils.framework/Versions/A/CoreUtils
0x00007ff81dae5000 	/System/Library/Frameworks/CoreWLAN.framework/Versions/A/CoreWLAN
0x00007ff8229df000 	/System/Library/Frameworks/IOBluetooth.framework/Versions/A/IOBluetooth
0x00007ff827d8d000 	/System/Library/PrivateFrameworks/CoreWiFi.framework/Versions/A/CoreWiFi
0x00007ff8267ba000 	/System/Library/PrivateFrameworks/FrontBoardServices.framework/Versions/A/FrontBoardServices
0x00007ff82684c000 	/System/Library/PrivateFrameworks/BoardServices.framework/Versions/A/BoardServices
0x00007ff81ddd8000 	/System/Library/PrivateFrameworks/AssertionServices.framework/Versions/A/AssertionServices
0x00007ff827f11000 	/System/Library/PrivateFrameworks/BackBoardServices.framework/Versions/A/BackBoardServices
0x00007ff821de3000 	/System/Library/PrivateFrameworks/CorePhoneNumbers.framework/Versions/A/CorePhoneNumbers
0x00007ff825ab8000 	/System/Library/PrivateFrameworks/DiskManagement.framework/Versions/A/DiskManagement
0x00007ff8259cc000 	/System/Library/PrivateFrameworks/AppleIDAuthSupport.framework/Versions/A/AppleIDAuthSupport
0x00007ffa326c1000 	/System/Library/PrivateFrameworks/AAAFoundation.framework/Versions/A/AAAFoundation
0x00007ff821dc4000 	/System/Library/PrivateFrameworks/KeychainCircle.framework/Versions/A/KeychainCircle
0x00007ff825a84000 	/System/Library/PrivateFrameworks/MediaKit.framework/Versions/A/MediaKit
0x00007ff8259d8000 	/System/Library/Frameworks/DiscRecording.framework/Versions/A/DiscRecording
0x00007ff81f483000 	/usr/lib/libCoreStorage.dylib
0x00007ff828200000 	/usr/lib/libcsfde.dylib
0x00007ff822aac000 	/System/Library/PrivateFrameworks/ProtectedCloudStorage.framework/Versions/A/ProtectedCloudStorage
0x00007ff8281fc000 	/System/Library/PrivateFrameworks/EFILogin.framework/Versions/A/EFILogin
0x00007ff826134000 	/System/Library/PrivateFrameworks/OctagonTrust.framework/Versions/A/OctagonTrust
0x00007ffb16c25000 	/System/Library/PrivateFrameworks/CoreUtilsExtras.framework/Versions/A/CoreUtilsExtras
0x00007ff82590e000 	/System/Library/Frameworks/CoreBluetooth.framework/Versions/A/CoreBluetooth
0x00007ff828876000 	/System/Library/Frameworks/AudioUnit.framework/Versions/A/AudioUnit
0x00007ff81f47b000 	/usr/lib/libMatch.1.dylib
0x00007ff81b120000 	/System/Library/PrivateFrameworks/ViewBridge.framework/Versions/A/ViewBridge
0x000000012d5f4000 	/usr/lib/libobjc-trampolines.dylib
0x00007ff91d7a9000 	/System/Library/Frameworks/Accelerate.framework/Versions/A/Frameworks/vImage.framework/Versions/A/Libraries/libCGInterfaces.dylib
0x00007ff81fbd8000 	/System/Library/PrivateFrameworks/login.framework/Versions/A/login
0x00007ffa2bd45000 	/System/Library/Frameworks/OpenGL.framework/Versions/A/Resources/GLEngine.bundle/GLEngine
0x00007ffa2bba7000 	/System/Library/Frameworks/OpenGL.framework/Versions/A/Libraries/libGLProgrammability.dylib
0x000000012e713000 	/System/Library/Extensions/AppleMetalOpenGLRenderer.bundle/Contents/MacOS/AppleMetalOpenGLRenderer
0x00007ffa2bed4000 	/System/Library/Frameworks/OpenGL.framework/Versions/A/Resources/GLRendererFloat.bundle/GLRendererFloat
0x00007ffa2dcb3000 	/System/Library/Extensions/AGXMetal13_3.bundle/Contents/MacOS/AGXMetal13_3
0x00007ff919375000 	/System/Library/PrivateFrameworks/GPURawCounter.framework/Versions/A/GPURawCounter
0x00007ff913ea9000 	/System/Library/PrivateFrameworks/IOGPU.framework/Versions/A/IOGPU
0x0000000130c69000 	/Library/Java/JavaVirtualMachines/jdk-16.0.2.jdk/Contents/Home/lib/libawt.dylib
0x0000000130e7c000 	/Library/Java/JavaVirtualMachines/jdk-16.0.2.jdk/Contents/Home/lib/libmlib_image.dylib
0x00007ffa3068d000 	/System/Library/Frameworks/JavaNativeFoundation.framework/Versions/A/JavaNativeFoundation
0x00007ffa30699000 	/System/Library/Frameworks/JavaRuntimeSupport.framework/Versions/A/JavaRuntimeSupport
0x00007ff918411000 	/System/Library/Frameworks/Carbon.framework/Versions/A/Carbon
0x00007ff82c0b8000 	/System/Library/Frameworks/Carbon.framework/Versions/A/Frameworks/CommonPanels.framework/Versions/A/CommonPanels
0x00007ff8281f8000 	/System/Library/Frameworks/Carbon.framework/Versions/A/Frameworks/Help.framework/Versions/A/Help
0x00007ff82c0bc000 	/System/Library/Frameworks/Carbon.framework/Versions/A/Frameworks/ImageCapture.framework/Versions/A/ImageCapture
0x00007ff82c08c000 	/System/Library/Frameworks/Carbon.framework/Versions/A/Frameworks/OpenScripting.framework/Versions/A/OpenScripting
0x00007ff82c0b4000 	/System/Library/Frameworks/Carbon.framework/Versions/A/Frameworks/Ink.framework/Versions/A/Ink
0x00007ff91840d000 	/System/Library/Frameworks/Carbon.framework/Versions/A/Frameworks/Print.framework/Versions/A/Print
0x00007ff82c0b0000 	/System/Library/Frameworks/Carbon.framework/Versions/A/Frameworks/SecurityHI.framework/Versions/A/SecurityHI
0x000000013107a000 	/Library/Java/JavaVirtualMachines/jdk-16.0.2.jdk/Contents/Home/lib/libawt_lwawt.dylib
0x0000000130bf3000 	/Library/Java/JavaVirtualMachines/jdk-16.0.2.jdk/Contents/Home/lib/libosxapp.dylib
0x00007ff91784e000 	/System/Library/Frameworks/ExceptionHandling.framework/Versions/A/ExceptionHandling
0x0000000130de2000 	/private/var/folders/0g/b_p9qpss7t18dbg9nbqg7hmr0000gn/T/lwjgljimphieffer/3.3.1-build-7/liblwjgl_opengl.dylib


VM Arguments:
jvm_args: -javaagent:/Applications/IntelliJ IDEA.app/Contents/lib/idea_rt.jar=60517:/Applications/IntelliJ IDEA.app/Contents/bin -Dfile.encoding=UTF-8 
java_command: com.jimphieffer.Game.Game
java_class_path (initial): /Users/jimphieffer/IdeaProjects/NetworkingHCS3/out/production/NetworkingHCS3:/Users/jimphieffer/IdeaProjects/NetworkingHCS3/lib/lwjgl/lwjgl.jar:/Users/jimphieffer/IdeaProjects/NetworkingHCS3/lib/lwjgl/lwjgl-javadoc.jar:/Users/jimphieffer/IdeaProjects/NetworkingHCS3/lib/lwjgl/lwjgl-sources.jar:/Users/jimphieffer/IdeaProjects/NetworkingHCS3/lib/lwjgl/lwjgl-natives-linux.jar:/Users/jimphieffer/IdeaProjects/NetworkingHCS3/lib/lwjgl/lwjgl-natives-macos.jar:/Users/jimphieffer/IdeaProjects/NetworkingHCS3/lib/lwjgl/lwjgl-natives-windows.jar:/Users/jimphieffer/IdeaProjects/NetworkingHCS3/lib/lwjgl/lwjgl-natives-linux-arm32.jar:/Users/jimphieffer/IdeaProjects/NetworkingHCS3/lib/lwjgl/lwjgl-natives-linux-arm64.jar:/Users/jimphieffer/IdeaProjects/NetworkingHCS3/lib/lwjgl/lwjgl-natives-macos-arm64.jar:/Users/jimphieffer/IdeaProjects/NetworkingHCS3/lib/lwjgl/lwjgl-natives-windows-x86.jar:/Users/jimphieffer/IdeaProjects/NetworkingHCS3/lib/lwjgl/lwjgl-natives-windows-arm64.jar:/Users/jimphieffer/IdeaProjects/NetworkingHCS3/lib/lwjgl-assimp/lwjgl-assimp.jar:/Users/jimphieffer/IdeaProjects/NetworkingHCS3/lib/lwjgl-assimp/lwjgl-assimp-javadoc.jar:/Users/jimphieffer/IdeaProjects/NetworkingHCS3/lib/lwjgl-assimp/lwjgl-assimp-sources.jar:/Users/jimphieffer/IdeaProjects/NetworkingHCS3/lib/lwjgl-assimp/lwjgl-assimp-natives-linux.jar:/Users/jimphieffer/IdeaProjects/NetworkingHCS3/lib/lwjgl-assimp/lwjgl-assimp-natives-macos.jar:/Users/jimphieffer/IdeaProjects/NetworkingHCS3/lib/lwjgl-assimp/lwjgl-assimp-natives-windows.jar:/Users/jimphieffer/IdeaProjects/NetworkingHCS3/lib/lwjgl-assimp/lwjgl-assimp-natives-linux-arm32.jar:/Users/jimphieffer/IdeaProjects/NetworkingHCS3/lib/lwjgl-assimp/lwjgl-assimp-natives-linux-arm64.jar:/Users/jimphieffer/IdeaProjects/NetworkingHCS3/lib/lwjgl-assimp/lwjgl-assimp-natives-macos-arm64.jar:/Users/jimphieffer/IdeaProjects/NetworkingHCS3/lib/lwjgl-assimp/lwjgl-assimp-natives-windows-x86.jar:/Users/jimphieffer/IdeaProjects/NetworkingHCS
Launcher Type: SUN_STANDARD

[Global flags]
     intx CICompilerCount                          = 4                                         {product} {ergonomic}
     uint ConcGCThreads                            = 2                                         {product} {ergonomic}
     uint G1ConcRefinementThreads                  = 8                                         {product} {ergonomic}
   size_t G1HeapRegionSize                         = 1048576                                   {product} {ergonomic}
    uintx GCDrainStackTargetSize                   = 64                                        {product} {ergonomic}
   size_t InitialHeapSize                          = 134217728                                 {product} {ergonomic}
   size_t MarkStackSize                            = 4194304                                   {product} {ergonomic}
   size_t MaxHeapSize                              = 2147483648                                {product} {ergonomic}
   size_t MaxNewSize                               = 1287651328                                {product} {ergonomic}
   size_t MinHeapDeltaBytes                        = 1048576                                   {product} {ergonomic}
   size_t MinHeapSize                              = 8388608                                   {product} {ergonomic}
    uintx NonNMethodCodeHeapSize                   = 5839372                                {pd product} {ergonomic}
    uintx NonProfiledCodeHeapSize                  = 122909434                              {pd product} {ergonomic}
    uintx ProfiledCodeHeapSize                     = 122909434                              {pd product} {ergonomic}
    uintx ReservedCodeCacheSize                    = 251658240                              {pd product} {ergonomic}
     bool SegmentedCodeCache                       = true                                      {product} {ergonomic}
   size_t SoftMaxHeapSize                          = 2147483648                             {manageable} {ergonomic}
     bool UseCompressedClassPointers               = true                           {product lp64_product} {ergonomic}
     bool UseCompressedOops                        = true                           {product lp64_product} {ergonomic}
     bool UseG1GC                                  = true                                      {product} {ergonomic}
     bool UseNUMA                                  = false                                     {product} {ergonomic}
     bool UseNUMAInterleaving                      = false                                     {product} {ergonomic}

Logging:
Log output configuration:
 #0: stdout all=warning uptime,level,tags
 #1: stderr all=off uptime,level,tags

Environment Variables:
JAVA_HOME=/Library/Java/JavaVirtualMachines/temurin-8.jdk/Contents/Home
PATH=/opt/homebrew/bin:/opt/homebrew/sbin:/usr/local/bin:/usr/bin:/bin:/usr/sbin:/sbin:/Library/Apple/usr/bin:/Library/Frameworks/Mono.framework/Versions/Current/Commands:/Users/jimphieffer/Documents/flutter/bin:/Users/jimphieffer/Library/Android/sdk/cmdline-tools/tools/bin:/Users/jimphieffer/.nvm/versions/node/v14.15.3/bin
SHELL=/bin/zsh
LC_CTYPE=en_US.UTF-8

Signal Handlers:
SIGSEGV: [libjvm.dylib+0xa7bdc0], sa_mask[0]=11100110100111111111111111111111, sa_flags=SA_ONSTACK|SA_RESTART|SA_SIGINFO
SIGBUS: [libjvm.dylib+0xa7bdc0], sa_mask[0]=11100110100111111111111111111111, sa_flags=SA_RESTART|SA_SIGINFO
SIGFPE: [libjvm.dylib+0xa7bdc0], sa_mask[0]=11100110100111111111111111111111, sa_flags=SA_RESTART|SA_SIGINFO
SIGPIPE: [libjvm.dylib+0x945be0], sa_mask[0]=11100110100111111111111111111111, sa_flags=SA_RESTART|SA_SIGINFO
SIGXFSZ: [libjvm.dylib+0x945be0], sa_mask[0]=11100110100111111111111111111111, sa_flags=SA_RESTART|SA_SIGINFO
SIGILL: [libjvm.dylib+0xa7bdc0], sa_mask[0]=11100110100111111111111111111111, sa_flags=SA_RESTART|SA_SIGINFO
SIGUSR2: [libjvm.dylib+0x946690], sa_mask[0]=00100000000000000000000000000000, sa_flags=SA_RESTART|SA_SIGINFO
SIGHUP: [libjvm.dylib+0x944c50], sa_mask[0]=11100110100111111111111111111111, sa_flags=SA_RESTART|SA_SIGINFO
SIGINT: [libjvm.dylib+0x944c50], sa_mask[0]=11100110100111111111111111111111, sa_flags=SA_RESTART|SA_SIGINFO
SIGTERM: [libjvm.dylib+0x944c50], sa_mask[0]=11100110100111111111111111111111, sa_flags=SA_RESTART|SA_SIGINFO
SIGQUIT: [libjvm.dylib+0x944c50], sa_mask[0]=11100110100111111111111111111111, sa_flags=SA_RESTART|SA_SIGINFO
SIGTRAP: [libjvm.dylib+0xa7bdc0], sa_mask[0]=11100110100111111111111111111111, sa_flags=SA_RESTART|SA_SIGINFO


---------------  S Y S T E M  ---------------

OS:uname: Darwin 21.2.0 Darwin Kernel Version 21.2.0: Sun Nov 28 20:29:10 PST 2021; root:xnu-8019.61.5~1/RELEASE_ARM64_T8101 x86_64
OS uptime: 2 days 16:00 hours
rlimit (soft/hard): STACK 8176k/65520k , CORE 0k/infinity , NPROC 1333/2000 , NOFILE 10240/infinity , AS infinity/infinity , CPU infinity/infinity , DATA infinity/infinity , FSIZE infinity/infinity , MEMLOCK infinity/infinity , RSS infinity/infinity
load average: 3.30 3.68 3.01

CPU: total 8 (initial active 8) (1 cores per cpu, 1 threads per core) family 6 model 44 stepping 0 microcode 0x0, cx8, cmov, fxsr, mmx, sse, sse2, sse3, ssse3, sse4.1, sse4.2, popcnt, tsc, tscinvbit, aes, clmul, clflush

Memory: 4k page, physical 8388608k(31044k free), swap 3145728k(898816k free)

vm_info: Java HotSpot(TM) 64-Bit Server VM (16.0.2+7-67) for bsd-amd64 JRE (16.0.2+7-67), built on Jun  8 2021 22:22:46 by "mach5one" with clang 4.2.1 Compatible Apple LLVM 11.0.0 (clang-1100.0.33.17)

END.
